#
# There is insufficient memory for the Java Runtime Environment to continue.
# Native memory allocation (malloc) failed to allocate 1314576 bytes for Chunk::new
# Possible reasons:
#   The system is out of physical RAM or swap space
#   In 32 bit mode, the process size limit was hit
# Possible solutions:
#   Reduce memory load on the system
#   Increase physical memory or swap space
#   Check if swap backing store is full
#   Use 64 bit Java on a 64 bit OS
#   Decrease Java heap size (-Xmx/-Xms)
#   Decrease number of Java threads
#   Decrease Java thread stack sizes (-Xss)
#   Set larger code cache with -XX:ReservedCodeCacheSize=
# This output file may be truncated or incomplete.
#
#  Out of Memory Error (allocation.cpp:390), pid=8960, tid=15308
#
# JRE version: Java(TM) SE Runtime Environment (8.0_45-b15) (build 1.8.0_45-b15)
# Java VM: Java HotSpot(TM) 64-Bit Server VM (25.45-b02 mixed mode windows-amd64 compressed oops)
# Failed to write core dump. Minidumps are not enabled by default on client versions of Windows
#

---------------  T H R E A D  ---------------

Current thread (0x000000001487f000):  JavaThread "C2 CompilerThread1" daemon [_thread_in_native, id=15308, stack(0x0000000015ef0000,0x0000000015ff0000)]

Stack: [0x0000000015ef0000,0x0000000015ff0000]
Native frames: (J=compiled Java code, j=interpreted, Vv=VM code, C=native code)
V  [jvm.dll+0x32b57a]
V  [jvm.dll+0x279873]
V  [jvm.dll+0x27a509]
V  [jvm.dll+0x271825]
V  [jvm.dll+0xcb9e2]
V  [jvm.dll+0xcbeac]
V  [jvm.dll+0x49298c]
V  [jvm.dll+0x45f6ff]
V  [jvm.dll+0x46a73b]
V  [jvm.dll+0x46cd52]
V  [jvm.dll+0x4500f2]
V  [jvm.dll+0xa4352]
V  [jvm.dll+0xa4c8f]
V  [jvm.dll+0x241984]
V  [jvm.dll+0x29853a]
C  [msvcr100.dll+0x21d9f]
C  [msvcr100.dll+0x21e3b]
C  [KERNEL32.DLL+0x18102]
C  [ntdll.dll+0x5c5b4]


Current CompileTask:
C2:  14404 2106   !   4       com.android.dx.cf.code.BytecodeArray::parseInstruction (2764 bytes)


---------------  P R O C E S S  ---------------

Java Threads: ( => current thread )
  0x0000000016368800 JavaThread "pool-2-thread-4" [_thread_blocked, id=6868, stack(0x0000000016af0000,0x0000000016bf0000)]
  0x0000000016368000 JavaThread "pool-2-thread-3" [_thread_blocked, id=2136, stack(0x00000000169f0000,0x0000000016af0000)]
  0x0000000016366800 JavaThread "pool-2-thread-2" [_thread_blocked, id=6164, stack(0x00000000168f0000,0x00000000169f0000)]
  0x00000000163bf000 JavaThread "pool-3-thread-1" [_thread_blocked, id=6732, stack(0x00000000167f0000,0x00000000168f0000)]
  0x00000000163bc000 JavaThread "pool-2-thread-1" [_thread_blocked, id=15320, stack(0x00000000166f0000,0x00000000167f0000)]
  0x00000000160f4800 JavaThread "Service Thread" daemon [_thread_blocked, id=9920, stack(0x00000000164f0000,0x00000000165f0000)]
  0x00000000148d8000 JavaThread "C1 CompilerThread2" daemon [_thread_blocked, id=13880, stack(0x0000000015ff0000,0x00000000160f0000)]
=>0x000000001487f000 JavaThread "C2 CompilerThread1" daemon [_thread_in_native, id=15308, stack(0x0000000015ef0000,0x0000000015ff0000)]
  0x000000001487c000 JavaThread "C2 CompilerThread0" daemon [_thread_in_native, id=14976, stack(0x0000000015df0000,0x0000000015ef0000)]
  0x000000001487a000 JavaThread "Attach Listener" daemon [_thread_blocked, id=3412, stack(0x0000000015cf0000,0x0000000015df0000)]
  0x0000000014878800 JavaThread "Signal Dispatcher" daemon [_thread_blocked, id=6552, stack(0x0000000015bf0000,0x0000000015cf0000)]
  0x0000000002180000 JavaThread "Finalizer" daemon [_thread_blocked, id=13380, stack(0x0000000015ae0000,0x0000000015be0000)]
  0x000000000217d000 JavaThread "Reference Handler" daemon [_thread_blocked, id=2776, stack(0x00000000159e0000,0x0000000015ae0000)]
  0x0000000002091000 JavaThread "main" [_thread_blocked, id=10520, stack(0x0000000001f90000,0x0000000002090000)]

Other Threads:
  0x0000000014847000 VMThread [stack: 0x00000000158e0000,0x00000000159e0000] [id=11112]
  0x00000000160f5800 WatcherThread [stack: 0x00000000165f0000,0x00000000166f0000] [id=5724]

VM state:at safepoint (normal execution)

VM Mutex/Monitor currently owned by a thread:  ([mutex/lock_event])
[0x000000000044bd20] Threads_lock - owner thread: 0x0000000014847000
[0x000000000044c020] Heap_lock - owner thread: 0x0000000016366800

Heap:
 PSYoungGen      total 145920K, used 136168K [0x00000000eab00000, 0x00000000fdd00000, 0x0000000100000000)
  eden space 128512K, 100% used [0x00000000eab00000,0x00000000f2880000,0x00000000f2880000)
  from space 17408K, 43% used [0x00000000f2880000,0x00000000f2ffa290,0x00000000f3980000)
  to   space 28160K, 49% used [0x00000000fc180000,0x00000000fcf1a638,0x00000000fdd00000)
 ParOldGen       total 89600K, used 43941K [0x00000000c0000000, 0x00000000c5780000, 0x00000000eab00000)
  object space 89600K, 49% used [0x00000000c0000000,0x00000000c2ae9600,0x00000000c5780000)
 Metaspace       used 6463K, capacity 7256K, committed 7424K, reserved 1056768K
  class space    used 613K, capacity 656K, committed 768K, reserved 1048576K

Card table byte_map: [0x0000000011550000,0x0000000011760000] byte_map_base: 0x0000000010f50000

Marking Bits: (ParMarkBitMap*) 0x0000000052fe4040
 Begin Bits: [0x0000000011cc0000, 0x0000000012cc0000)
 End Bits:   [0x0000000012cc0000, 0x0000000013cc0000)

Polling page: 0x0000000000430000

CodeCache: size=245760Kb used=8873Kb max_used=8873Kb free=236886Kb
 bounds [0x0000000002190000, 0x0000000002a50000, 0x0000000011190000]
 total_blobs=2347 nmethods=2077 adapters=182
 compilation: enabled

Compilation events (10 events):
Event: 11.337 Thread 0x000000001487f000 nmethod 2041 0x00000000029dda90 code [0x00000000029ddbe0, 0x00000000029de058]
Event: 11.337 Thread 0x000000001487f000 2095 %     4       com.android.dx.ssa.SsaConverter::placePhiFunctions @ 264 (394 bytes)
Event: 11.676 Thread 0x000000001487f000 nmethod 2095% 0x00000000029f7d50 code [0x00000000029f81a0, 0x00000000029fc258]
Event: 11.681 Thread 0x000000001487f000 1874       4       com.android.dx.ssa.DeadCodeRemover::isCircularNoSideEffect (140 bytes)
Event: 12.083 Thread 0x000000001487f000 nmethod 1874 0x0000000002a01810 code [0x0000000002a01a80, 0x0000000002a03a68]
Event: 12.083 Thread 0x000000001487f000 1850   !   4       com.android.dx.cf.code.RopperMachine::run (1550 bytes)
Event: 12.144 Thread 0x00000000148d8000 2104   !   2       com.android.dx.cf.code.BytecodeArray::parseInstruction (2764 bytes)
Event: 12.161 Thread 0x00000000148d8000 nmethod 2104 0x0000000002a06750 code [0x0000000002a07680, 0x0000000002a0dba8]
Event: 12.819 Thread 0x000000001487f000 nmethod 1850 0x0000000002a19b50 code [0x0000000002a1a4a0, 0x0000000002a21c98]
Event: 12.820 Thread 0x000000001487f000 2106   !   4       com.android.dx.cf.code.BytecodeArray::parseInstruction (2764 bytes)

GC Heap History (10 events):
Event: 4.583 GC heap before
{Heap before GC invocations=4 (full 0):
 PSYoungGen      total 35328K, used 35311K [0x00000000eab00000, 0x00000000ef000000, 0x0000000100000000)
  eden space 32768K, 100% used [0x00000000eab00000,0x00000000ecb00000,0x00000000ecb00000)
  from space 2560K, 99% used [0x00000000ecb00000,0x00000000ecd7bf90,0x00000000ecd80000)
  to   space 2560K, 0% used [0x00000000eed80000,0x00000000eed80000,0x00000000ef000000)
 ParOldGen       total 44032K, used 7844K [0x00000000c0000000, 0x00000000c2b00000, 0x00000000eab00000)
  object space 44032K, 17% used [0x00000000c0000000,0x00000000c07a9378,0x00000000c2b00000)
 Metaspace       used 6154K, capacity 7088K, committed 7296K, reserved 1056768K
  class space    used 591K, capacity 616K, committed 640K, reserved 1048576K
Event: 4.626 GC heap after
Heap after GC invocations=4 (full 0):
 PSYoungGen      total 68096K, used 2529K [0x00000000eab00000, 0x00000000ef000000, 0x0000000100000000)
  eden space 65536K, 0% used [0x00000000eab00000,0x00000000eab00000,0x00000000eeb00000)
  from space 2560K, 98% used [0x00000000eed80000,0x00000000eeff86e0,0x00000000ef000000)
  to   space 2560K, 0% used [0x00000000eeb00000,0x00000000eeb00000,0x00000000eed80000)
 ParOldGen       total 44032K, used 12058K [0x00000000c0000000, 0x00000000c2b00000, 0x00000000eab00000)
  object space 44032K, 27% used [0x00000000c0000000,0x00000000c0bc6950,0x00000000c2b00000)
 Metaspace       used 6154K, capacity 7088K, committed 7296K, reserved 1056768K
  class space    used 591K, capacity 616K, committed 640K, reserved 1048576K
}
Event: 5.215 GC heap before
{Heap before GC invocations=5 (full 0):
 PSYoungGen      total 68096K, used 68065K [0x00000000eab00000, 0x00000000ef000000, 0x0000000100000000)
  eden space 65536K, 100% used [0x00000000eab00000,0x00000000eeb00000,0x00000000eeb00000)
  from space 2560K, 98% used [0x00000000eed80000,0x00000000eeff86e0,0x00000000ef000000)
  to   space 2560K, 0% used [0x00000000eeb00000,0x00000000eeb00000,0x00000000eed80000)
 ParOldGen       total 44032K, used 12058K [0x00000000c0000000, 0x00000000c2b00000, 0x00000000eab00000)
  object space 44032K, 27% used [0x00000000c0000000,0x00000000c0bc6950,0x00000000c2b00000)
 Metaspace       used 6234K, capacity 7088K, committed 7296K, reserved 1056768K
  class space    used 592K, capacity 616K, committed 640K, reserved 1048576K
Event: 5.262 GC heap after
Heap after GC invocations=5 (full 0):
 PSYoungGen      total 68096K, used 2541K [0x00000000eab00000, 0x00000000f4800000, 0x0000000100000000)
  eden space 65536K, 0% used [0x00000000eab00000,0x00000000eab00000,0x00000000eeb00000)
  from space 2560K, 99% used [0x00000000eeb00000,0x00000000eed7b470,0x00000000eed80000)
  to   space 14848K, 0% used [0x00000000f3980000,0x00000000f3980000,0x00000000f4800000)
 ParOldGen       total 44032K, used 22919K [0x00000000c0000000, 0x00000000c2b00000, 0x00000000eab00000)
  object space 44032K, 52% used [0x00000000c0000000,0x00000000c1661e98,0x00000000c2b00000)
 Metaspace       used 6234K, capacity 7088K, committed 7296K, reserved 1056768K
  class space    used 592K, capacity 616K, committed 640K, reserved 1048576K
}
Event: 5.799 GC heap before
{Heap before GC invocations=6 (full 0):
 PSYoungGen      total 68096K, used 68077K [0x00000000eab00000, 0x00000000f4800000, 0x0000000100000000)
  eden space 65536K, 100% used [0x00000000eab00000,0x00000000eeb00000,0x00000000eeb00000)
  from space 2560K, 99% used [0x00000000eeb00000,0x00000000eed7b470,0x00000000eed80000)
  to   space 14848K, 0% used [0x00000000f3980000,0x00000000f3980000,0x00000000f4800000)
 ParOldGen       total 44032K, used 22919K [0x00000000c0000000, 0x00000000c2b00000, 0x00000000eab00000)
  object space 44032K, 52% used [0x00000000c0000000,0x00000000c1661e98,0x00000000c2b00000)
 Metaspace       used 6311K, capacity 7152K, committed 7296K, reserved 1056768K
  class space    used 592K, capacity 616K, committed 640K, reserved 1048576K
Event: 5.845 GC heap after
Heap after GC invocations=6 (full 0):
 PSYoungGen      total 143360K, used 13725K [0x00000000eab00000, 0x00000000f4d00000, 0x0000000100000000)
  eden space 128512K, 0% used [0x00000000eab00000,0x00000000eab00000,0x00000000f2880000)
  from space 14848K, 92% used [0x00000000f3980000,0x00000000f46e7490,0x00000000f4800000)
  to   space 17408K, 0% used [0x00000000f2880000,0x00000000f2880000,0x00000000f3980000)
 ParOldGen       total 44032K, used 22919K [0x00000000c0000000, 0x00000000c2b00000, 0x00000000eab00000)
  object space 44032K, 52% used [0x00000000c0000000,0x00000000c1661e98,0x00000000c2b00000)
 Metaspace       used 6311K, capacity 7152K, committed 7296K, reserved 1056768K
  class space    used 592K, capacity 616K, committed 640K, reserved 1048576K
}
Event: 6.886 GC heap before
{Heap before GC invocations=7 (full 0):
 PSYoungGen      total 143360K, used 142237K [0x00000000eab00000, 0x00000000f4d00000, 0x0000000100000000)
  eden space 128512K, 100% used [0x00000000eab00000,0x00000000f2880000,0x00000000f2880000)
  from space 14848K, 92% used [0x00000000f3980000,0x00000000f46e7490,0x00000000f4800000)
  to   space 17408K, 0% used [0x00000000f2880000,0x00000000f2880000,0x00000000f3980000)
 ParOldGen       total 44032K, used 22919K [0x00000000c0000000, 0x00000000c2b00000, 0x00000000eab00000)
  object space 44032K, 52% used [0x00000000c0000000,0x00000000c1661e98,0x00000000c2b00000)
 Metaspace       used 6445K, capacity 7256K, committed 7424K, reserved 1056768K
  class space    used 613K, capacity 656K, committed 768K, reserved 1048576K
Event: 7.008 GC heap after
Heap after GC invocations=7 (full 0):
 PSYoungGen      total 145920K, used 17397K [0x00000000eab00000, 0x00000000fdd00000, 0x0000000100000000)
  eden space 128512K, 0% used [0x00000000eab00000,0x00000000eab00000,0x00000000f2880000)
  from space 17408K, 99% used [0x00000000f2880000,0x00000000f397d6b0,0x00000000f3980000)
  to   space 28160K, 0% used [0x00000000fc180000,0x00000000fc180000,0x00000000fdd00000)
 ParOldGen       total 44032K, used 37559K [0x00000000c0000000, 0x00000000c2b00000, 0x00000000eab00000)
  object space 44032K, 85% used [0x00000000c0000000,0x00000000c24adf10,0x00000000c2b00000)
 Metaspace       used 6445K, capacity 7256K, committed 7424K, reserved 1056768K
  class space    used 613K, capacity 656K, committed 768K, reserved 1048576K
}
Event: 7.008 GC heap before
{Heap before GC invocations=8 (full 1):
 PSYoungGen      total 145920K, used 17397K [0x00000000eab00000, 0x00000000fdd00000, 0x0000000100000000)
  eden space 128512K, 0% used [0x00000000eab00000,0x00000000eab00000,0x00000000f2880000)
  from space 17408K, 99% used [0x00000000f2880000,0x00000000f397d6b0,0x00000000f3980000)
  to   space 28160K, 0% used [0x00000000fc180000,0x00000000fc180000,0x00000000fdd00000)
 ParOldGen       total 44032K, used 37559K [0x00000000c0000000, 0x00000000c2b00000, 0x00000000eab00000)
  object space 44032K, 85% used [0x00000000c0000000,0x00000000c24adf10,0x00000000c2b00000)
 Metaspace       used 6445K, capacity 7256K, committed 7424K, reserved 1056768K
  class space    used 613K, capacity 656K, committed 768K, reserved 1048576K
Event: 10.594 GC heap after
Heap after GC invocations=8 (full 1):
 PSYoungGen      total 145920K, used 7656K [0x00000000eab00000, 0x00000000fdd00000, 0x0000000100000000)
  eden space 128512K, 0% used [0x00000000eab00000,0x00000000eab00000,0x00000000f2880000)
  from space 17408K, 43% used [0x00000000f2880000,0x00000000f2ffa290,0x00000000f3980000)
  to   space 28160K, 0% used [0x00000000fc180000,0x00000000fc180000,0x00000000fdd00000)
 ParOldGen       total 89600K, used 43933K [0x00000000c0000000, 0x00000000c5780000, 0x00000000eab00000)
  object space 89600K, 49% used [0x00000000c0000000,0x00000000c2ae7600,0x00000000c5780000)
 Metaspace       used 6445K, capacity 7256K, committed 7424K, reserved 1056768K
  class space    used 613K, capacity 656K, committed 768K, reserved 1048576K
}

Deoptimization events (10 events):
Event: 6.072 Thread 0x0000000016366800 Uncommon trap: reason=class_check action=maybe_recompile pc=0x000000000295eb94 method=com.android.dx.cf.code.BytecodeArray.parseInstruction(ILcom/android/dx/cf/code/BytecodeArray$Visitor;)I @ 1417
Event: 6.073 Thread 0x0000000016366800 Uncommon trap: reason=class_check action=maybe_recompile pc=0x000000000295eb94 method=com.android.dx.cf.code.BytecodeArray.parseInstruction(ILcom/android/dx/cf/code/BytecodeArray$Visitor;)I @ 1417
Event: 6.212 Thread 0x0000000016368000 Uncommon trap: reason=unstable_if action=reinterpret pc=0x00000000024baec0 method=java.util.HashMap.putVal(ILjava/lang/Object;Ljava/lang/Object;ZZ)Ljava/lang/Object; @ 162
Event: 6.334 Thread 0x0000000016368800 Uncommon trap: reason=unstable_if action=reinterpret pc=0x00000000027d2514 method=com.android.dx.ssa.MoveParamCombiner$1.visitNonMoveInsn(Lcom/android/dx/ssa/NormalSsaInsn;)V @ 27
Event: 6.418 Thread 0x0000000016368800 Uncommon trap: reason=bimorphic action=maybe_recompile pc=0x0000000002808b5c method=com.android.dx.ssa.LiteralOpUpgrader.tryReplacingWithConstant(Lcom/android/dx/ssa/NormalSsaInsn;)Z @ 62
Event: 6.418 Thread 0x0000000016368800 Uncommon trap: reason=unstable_if action=reinterpret pc=0x00000000028994f0 method=com.android.dx.ssa.LiteralOpUpgrader$1.visitNonMoveInsn(Lcom/android/dx/ssa/NormalSsaInsn;)V @ 24
Event: 6.424 Thread 0x0000000016368800 Uncommon trap: reason=bimorphic action=maybe_recompile pc=0x0000000002808b5c method=com.android.dx.ssa.LiteralOpUpgrader.tryReplacingWithConstant(Lcom/android/dx/ssa/NormalSsaInsn;)Z @ 62
Event: 6.631 Thread 0x0000000016368800 Uncommon trap: reason=unstable_if action=reinterpret pc=0x0000000002929fac method=java.util.HashMap.putVal(ILjava/lang/Object;Ljava/lang/Object;ZZ)Ljava/lang/Object; @ 109
Event: 12.144 Thread 0x0000000002091000 Uncommon trap: reason=class_check action=maybe_recompile pc=0x00000000029e52dc method=com.android.dx.cf.code.BytecodeArray.parseInstruction(ILcom/android/dx/cf/code/BytecodeArray$Visitor;)I @ 1807
Event: 12.144 Thread 0x0000000002091000 Uncommon trap: reason=class_check action=maybe_recompile pc=0x00000000029e52dc method=com.android.dx.cf.code.BytecodeArray.parseInstruction(ILcom/android/dx/cf/code/BytecodeArray$Visitor;)I @ 1807

Internal exceptions (6 events):
Event: 0.305 Thread 0x0000000002091000 Exception <a 'java/lang/NoSuchMethodError': Method sun.misc.Unsafe.defineClass(Ljava/lang/String;[BII)Ljava/lang/Class; name or signature does not match> (0x00000000eab0d1c8) thrown at [C:\re\workspace\8-2-build-windows-amd64-cygwin\jdk8u45\3627\hotspot\sr€…ƒ–FŒÓ?
Event: 0.305 Thread 0x0000000002091000 Exception <a 'java/lang/NoSuchMethodError': Method sun.misc.Unsafe.prefetchRead(Ljava/lang/Object;J)V name or signature does not match> (0x00000000eab0d458) thrown at [C:\re\workspace\8-2-build-windows-amd64-cygwin\jdk8u45\3627\hotspot\src\share\vm\prims\j¢¶!²@
Event: 5.763 Thread 0x0000000002091000 Implicit null exception at 0x0000000002789444 to 0x000000000278a86d
Event: 6.215 Thread 0x0000000016368000 Exception <a 'java/lang/ArrayIndexOutOfBoundsException': 18> (0x00000000edac6f78) thrown at [C:\re\workspace\8-2-build-windows-amd64-cygwin\jdk8u45\3627\hotspot\src\share\vm\interpreter\interpreterRuntime.cpp, line 366]
Event: 6.216 Thread 0x0000000016368000 Exception <a 'java/lang/ArrayIndexOutOfBoundsException': 145> (0x00000000edac8a48) thrown at [C:\re\workspace\8-2-build-windows-amd64-cygwin\jdk8u45\3627\hotspot\src\share\vm\interpreter\interpreterRuntime.cpp, line 366]
Event: 6.217 Thread 0x0000000016368000 Exception <a 'java/lang/ArrayIndexOutOfBoundsException'> (0x00000000edac9c80) thrown at [C:\re\workspace\8-2-build-windows-amd64-cygwin\jdk8u45\3627\hotspot\src\share\vm\runtime\sharedRuntime.cpp, line 605]

Events (10 events):
Event: 6.886 Executing VM operation: ParallelGCFailedAllocation
Event: 10.594 Executing VM operation: ParallelGCFailedAllocation done
Event: 12.144 Thread 0x0000000002091000 Uncommon trap: trap_request=0xffffffde fr.pc=0x00000000029e52dc
Event: 12.144 Thread 0x0000000002091000 DEOPT PACKING pc=0x00000000029e52dc sp=0x000000000208e010
Event: 12.144 Thread 0x0000000002091000 DEOPT UNPACKING pc=0x00000000021d582a sp=0x000000000208dfc8 mode 2
Event: 12.144 Thread 0x0000000002091000 Uncommon trap: trap_request=0xffffffde fr.pc=0x00000000029e52dc
Event: 12.144 Thread 0x0000000002091000 DEOPT PACKING pc=0x00000000029e52dc sp=0x000000000208e010
Event: 12.144 Thread 0x0000000002091000 DEOPT UNPACKING pc=0x00000000021d582a sp=0x000000000208dfc8 mode 2
Event: 13.023 Thread 0x0000000002091000 DEOPT PACKING pc=0x0000000002684e11 sp=0x000000000208e0d0
Event: 13.023 Thread 0x0000000002091000 DEOPT UNPACKING pc=0x00000000021d787f sp=0x000000000208df00 mode 0


Dynamic libraries:
0x00007ff754d40000 - 0x00007ff754d77000 	C:\Program Files\Java\jdk1.8.0_45\bin\java.exe
0x00007ffdeb5a0000 - 0x00007ffdeb761000 	C:\WINDOWS\SYSTEM32\ntdll.dll
0x00007ffdeb020000 - 0x00007ffdeb0cd000 	C:\WINDOWS\system32\KERNEL32.DLL
0x00007ffde8070000 - 0x00007ffde8258000 	C:\WINDOWS\system32\KERNELBASE.dll
0x00007ffdeb260000 - 0x00007ffdeb307000 	C:\WINDOWS\system32\ADVAPI32.dll
0x00007ffdeacb0000 - 0x00007ffdead4d000 	C:\WINDOWS\system32\msvcrt.dll
0x00007ffdeb410000 - 0x00007ffdeb46b000 	C:\WINDOWS\system32\sechost.dll
0x00007ffdea3f0000 - 0x00007ffdea50c000 	C:\WINDOWS\system32\RPCRT4.dll
0x00007ffdeaec0000 - 0x00007ffdeb016000 	C:\WINDOWS\system32\USER32.dll
0x00007ffdeb0d0000 - 0x00007ffdeb256000 	C:\WINDOWS\system32\GDI32.dll
0x00007ffde1760000 - 0x00007ffde19d4000 	C:\WINDOWS\WinSxS\amd64_microsoft.windows.common-controls_6595b64144ccf1df_6.0.10586.0_none_8c15ae12515e1c22\COMCTL32.dll
0x00007ffdea170000 - 0x00007ffdea3ed000 	C:\WINDOWS\system32\combase.dll
0x00007ffde7c50000 - 0x00007ffde7cba000 	C:\WINDOWS\system32\bcryptPrimitives.dll
0x00007ffdeab10000 - 0x00007ffdeab4b000 	C:\WINDOWS\system32\IMM32.DLL
0x0000000053e50000 - 0x0000000053f22000 	C:\Program Files\Java\jdk1.8.0_45\jre\bin\msvcr100.dll
0x00000000527e0000 - 0x0000000053063000 	C:\Program Files\Java\jdk1.8.0_45\jre\bin\server\jvm.dll
0x00007ffdeab00000 - 0x00007ffdeab08000 	C:\WINDOWS\system32\PSAPI.DLL
0x00007ffddef70000 - 0x00007ffddef79000 	C:\WINDOWS\SYSTEM32\WSOCK32.dll
0x00007ffdeb3a0000 - 0x00007ffdeb40b000 	C:\WINDOWS\system32\WS2_32.dll
0x00007ffde60c0000 - 0x00007ffde60e3000 	C:\WINDOWS\SYSTEM32\WINMM.dll
0x00007ffddc6b0000 - 0x00007ffddc6ba000 	C:\WINDOWS\SYSTEM32\VERSION.dll
0x00007ffde6060000 - 0x00007ffde608c000 	C:\WINDOWS\SYSTEM32\WINMMBASE.dll
0x00007ffde7e30000 - 0x00007ffde7e73000 	C:\WINDOWS\system32\cfgmgr32.dll
0x0000000054f00000 - 0x0000000054f0f000 	C:\Program Files\Java\jdk1.8.0_45\jre\bin\verify.dll
0x0000000054d50000 - 0x0000000054d79000 	C:\Program Files\Java\jdk1.8.0_45\jre\bin\java.dll
0x0000000054d30000 - 0x0000000054d46000 	C:\Program Files\Java\jdk1.8.0_45\jre\bin\zip.dll
0x00007ffde8c10000 - 0x00007ffdea16c000 	C:\WINDOWS\system32\SHELL32.dll
0x00007ffde8260000 - 0x00007ffde88a4000 	C:\WINDOWS\system32\windows.storage.dll
0x00007ffdeb470000 - 0x00007ffdeb4c2000 	C:\WINDOWS\system32\shlwapi.dll
0x00007ffde7bd0000 - 0x00007ffde7bdf000 	C:\WINDOWS\system32\kernel.appcore.dll
0x00007ffde7d70000 - 0x00007ffde7e25000 	C:\WINDOWS\system32\shcore.dll
0x00007ffde7c00000 - 0x00007ffde7c4b000 	C:\WINDOWS\system32\powrprof.dll
0x00007ffde7be0000 - 0x00007ffde7bf4000 	C:\WINDOWS\system32\profapi.dll
0x00007ffdcb620000 - 0x00007ffdcb7ac000 	C:\WINDOWS\SYSTEM32\dbghelp.dll

VM Arguments:
jvm_args: -Djava.awt.headless=true -Xmx1024M -Dfile.encoding=windows-1252 -Duser.country=US -Duser.language=en -Duser.variant 
java_command: com.android.dx.command.Main --dex --force-jumbo --num-threads=4 --multi-dex --output E:\AndroidStudioProjects\StockHawk\app\build\intermediates\transforms\dex\debug\folders\1000\10\com.android.support-support-v4-23.3.0_6e43eaf4447550118aaa141345f5975a3490c6cc E:\AndroidStudioProjects\StockHawk\app\build\intermediates\exploded-aar\com.android.support\support-v4\23.3.0\jars\classes.jar
java_class_path (initial): C:\Users\Sahil Shokeen\AppData\Local\Android\sdk\build-tools\23.0.2\lib\dx.jar
Launcher Type: SUN_STANDARD

Environment Variables:
PATH=C:\ProgramData\Oracle\Java\javapath;C:\WINDOWS\system32;C:\WINDOWS;C:\WINDOWS\System32\Wbem;C:\WINDOWS\System32\WindowsPowerShell\v1.0\;C:\Program Files (x86)\Common Files\lenovo\easyplussdk\bin;C:\Program Files (x86)\Skype\Phone\
USERNAME=Sahil
OS=Windows_NT
PROCESSOR_IDENTIFIER=Intel64 Family 6 Model 69 Stepping 1, GenuineIntel



---------------  S Y S T E M  ---------------

OS: Windows 10.0 , 64 bit Build 10586 (10.0.10586.0)

CPU:total 4 (2 cores per cpu, 2 threads per core) family 6 model 69 stepping 1, cmov, cx8, fxsr, mmx, sse, sse2, sse3, ssse3, sse4.1, sse4.2, popcnt, avx, avx2, aes, clmul, erms, lzcnt, ht, tsc, tscinvbit, bmi1, bmi2

Memory: 4k page, physical 4096140k(228964k free), swap 7168140k(328728k free)

vm_info: Java HotSpot(TM) 64-Bit Server VM (25.45-b02) for windows-amd64 JRE (1.8.0_45-b15), built on Apr 30 2015 12:40:44 by "java_re" with MS VC++ 10.0 (VS2010)

time: Mon Jun 27 16:47:52 2016
elapsed time: 14 seconds (0d 0h 0m 14s)

