#
# There is insufficient memory for the Java Runtime Environment to continue.
# Native memory allocation (malloc) failed to allocate 125936 bytes for Chunk::new
# Possible reasons:
#   The system is out of physical RAM or swap space
#   In 32 bit mode, the process size limit was hit
# Possible solutions:
#   Reduce memory load on the system
#   Increase physical memory or swap space
#   Check if swap backing store is full
#   Use 64 bit Java on a 64 bit OS
#   Decrease Java heap size (-Xmx/-Xms)
#   Decrease number of Java threads
#   Decrease Java thread stack sizes (-Xss)
#   Set larger code cache with -XX:ReservedCodeCacheSize=
# This output file may be truncated or incomplete.
#
#  Out of Memory Error (allocation.cpp:390), pid=2616, tid=9116
#
# JRE version: Java(TM) SE Runtime Environment (8.0_45-b15) (build 1.8.0_45-b15)
# Java VM: Java HotSpot(TM) 64-Bit Server VM (25.45-b02 mixed mode windows-amd64 compressed oops)
# Failed to write core dump. Minidumps are not enabled by default on client versions of Windows
#

---------------  T H R E A D  ---------------

Current thread (0x00000000148e8800):  JavaThread "C2 CompilerThread1" daemon [_thread_in_native, id=9116, stack(0x0000000015ef0000,0x0000000015ff0000)]

Stack: [0x0000000015ef0000,0x0000000015ff0000]
Native frames: (J=compiled Java code, j=interpreted, Vv=VM code, C=native code)
V  [jvm.dll+0x32b57a]


Current CompileTask:
C2:   5996  950       4       com.android.dx.ssa.RegisterMapper::map (63 bytes)


---------------  P R O C E S S  ---------------

Java Threads: ( => current thread )
  0x0000000016360000 JavaThread "pool-2-thread-4" [_thread_in_Java, id=12280, stack(0x0000000016af0000,0x0000000016bf0000)]
  0x0000000016363000 JavaThread "pool-2-thread-3" [_thread_in_vm, id=5264, stack(0x00000000169f0000,0x0000000016af0000)]
  0x0000000016359000 JavaThread "pool-2-thread-2" [_thread_blocked, id=10536, stack(0x00000000168f0000,0x00000000169f0000)]
  0x0000000016241800 JavaThread "pool-3-thread-1" [_thread_blocked, id=13040, stack(0x00000000167f0000,0x00000000168f0000)]
  0x000000001623d800 JavaThread "pool-2-thread-1" [_thread_blocked, id=12452, stack(0x00000000166f0000,0x00000000167f0000)]
  0x00000000160fb800 JavaThread "Service Thread" daemon [_thread_blocked, id=10708, stack(0x00000000164f0000,0x00000000165f0000)]
  0x00000000148eb800 JavaThread "C1 CompilerThread2" daemon [_thread_in_native, id=12640, stack(0x0000000015ff0000,0x00000000160f0000)]
=>0x00000000148e8800 JavaThread "C2 CompilerThread1" daemon [_thread_in_native, id=9116, stack(0x0000000015ef0000,0x0000000015ff0000)]
  0x000000001488c000 JavaThread "C2 CompilerThread0" daemon [_thread_in_native, id=12704, stack(0x0000000015df0000,0x0000000015ef0000)]
  0x000000001488a000 JavaThread "Attach Listener" daemon [_thread_blocked, id=13116, stack(0x0000000015cf0000,0x0000000015df0000)]
  0x0000000014888800 JavaThread "Signal Dispatcher" daemon [_thread_blocked, id=8744, stack(0x0000000015bf0000,0x0000000015cf0000)]
  0x00000000021b0000 JavaThread "Finalizer" daemon [_thread_blocked, id=3036, stack(0x0000000015af0000,0x0000000015bf0000)]
  0x00000000021ad000 JavaThread "Reference Handler" daemon [_thread_blocked, id=6668, stack(0x00000000159f0000,0x0000000015af0000)]
  0x00000000020c1000 JavaThread "main" [_thread_in_Java, id=2336, stack(0x0000000001fc0000,0x00000000020c0000)]

Other Threads:
  0x0000000014857800 VMThread [stack: 0x00000000158f0000,0x00000000159f0000] [id=5928]
  0x00000000160f2800 WatcherThread [stack: 0x00000000165f0000,0x00000000166f0000] [id=8664]

VM state:not at safepoint (normal execution)

VM Mutex/Monitor currently owned by a thread: None

Heap:
 PSYoungGen      total 18944K, used 16153K [0x00000000eab00000, 0x00000000ec000000, 0x0000000100000000)
  eden space 16384K, 98% used [0x00000000eab00000,0x00000000ebac6610,0x00000000ebb00000)
  from space 2560K, 0% used [0x00000000ebd80000,0x00000000ebd80000,0x00000000ec000000)
  to   space 2560K, 0% used [0x00000000ebb00000,0x00000000ebb00000,0x00000000ebd80000)
 ParOldGen       total 44032K, used 0K [0x00000000c0000000, 0x00000000c2b00000, 0x00000000eab00000)
  object space 44032K, 0% used [0x00000000c0000000,0x00000000c0000000,0x00000000c2b00000)
 Metaspace       used 5736K, capacity 6768K, committed 7040K, reserved 1056768K
  class space    used 585K, capacity 616K, committed 640K, reserved 1048576K

Card table byte_map: [0x0000000011580000,0x0000000011790000] byte_map_base: 0x0000000010f80000

Marking Bits: (ParMarkBitMap*) 0x0000000052fe4040
 Begin Bits: [0x0000000011cf0000, 0x0000000012cf0000)
 End Bits:   [0x0000000012cf0000, 0x0000000013cf0000)

Polling page: 0x00000000001f0000

CodeCache: size=245760Kb used=4014Kb max_used=4014Kb free=241745Kb
 bounds [0x00000000021c0000, 0x00000000025b0000, 0x00000000111c0000]
 total_blobs=1229 nmethods=958 adapters=182
 compilation: enabled

Compilation events (10 events):
Event: 5.988 Thread 0x00000000148eb800  952       3       java.util.ArrayList::rangeCheckForAdd (26 bytes)
Event: 5.989 Thread 0x00000000148eb800 nmethod 952 0x00000000025a5450 code [0x00000000025a5660, 0x00000000025a6198]
Event: 5.989 Thread 0x00000000148eb800  955       3       com.android.dx.dex.code.CstInsn::<init> (39 bytes)
Event: 5.989 Thread 0x00000000148eb800 nmethod 955 0x00000000025a82d0 code [0x00000000025a8460, 0x00000000025a8778]
Event: 5.989 Thread 0x00000000148eb800  957       3       com.android.dx.rop.type.Type::isCategory2 (36 bytes)
Event: 5.989 Thread 0x00000000148eb800 nmethod 957 0x0000000002598a10 code [0x0000000002598b60, 0x0000000002598cd0]
Event: 5.989 Thread 0x00000000148eb800  956       3       com.android.dx.dex.code.RopTranslator$TranslationVisitor::getNextMoveResultPseudo (55 bytes)
Event: 5.990 Thread 0x00000000148eb800 nmethod 956 0x00000000025a88d0 code [0x00000000025a8a80, 0x00000000025a9378]
Event: 5.990 Thread 0x00000000148eb800  958       1       com.android.dx.rop.code.SourcePosition::getLine (5 bytes)
Event: 5.990 Thread 0x00000000148eb800 nmethod 958 0x00000000025a2110 code [0x00000000025a2260, 0x00000000025a2370]

GC Heap History (0 events):
No events

Deoptimization events (5 events):
Event: 4.386 Thread 0x0000000016363000 Uncommon trap: reason=unstable_if action=reinterpret pc=0x00000000024289d8 method=java.util.HashMap.getNode(ILjava/lang/Object;)Ljava/util/HashMap$Node; @ 129
Event: 5.388 Thread 0x00000000020c1000 Uncommon trap: reason=unstable_if action=reinterpret pc=0x0000000002447eb4 method=java.util.BitSet.ensureCapacity(I)V @ 6
Event: 5.400 Thread 0x00000000020c1000 Uncommon trap: reason=class_check action=maybe_recompile pc=0x0000000002487abc method=com.android.dx.ssa.NormalSsaInsn.accept(Lcom/android/dx/ssa/SsaInsn$Visitor;)V @ 9
Event: 5.545 Thread 0x0000000016363000 Uncommon trap: reason=unstable_if action=reinterpret pc=0x000000000247afec method=com.android.dx.rop.code.RegisterSpec.equals(ILcom/android/dx/rop/type/TypeBearer;Lcom/android/dx/rop/code/LocalItem;)Z @ 16
Event: 5.545 Thread 0x0000000016363000 Uncommon trap: reason=unstable_if action=reinterpret pc=0x000000000250cde0 method=com.android.dx.rop.code.RegisterSpec.equals(ILcom/android/dx/rop/type/TypeBearer;Lcom/android/dx/rop/code/LocalItem;)Z @ 16

Internal exceptions (2 events):
Event: 1.205 Thread 0x00000000020c1000 Exception <a 'java/lang/NoSuchMethodError': Method sun.misc.Unsafe.defineClass(Ljava/lang/String;[BII)Ljava/lang/Class; name or signature does not match> (0x00000000eab0d118) thrown at [C:\re\workspace\8-2-build-windows-amd64-cygwin\jdk8u45\3627\hotspot\srÚ~æGó?
Event: 1.205 Thread 0x00000000020c1000 Exception <a 'java/lang/NoSuchMethodError': Method sun.misc.Unsafe.prefetchRead(Ljava/lang/Object;J)V name or signature does not match> (0x00000000eab0d3a8) thrown at [C:\re\workspace\8-2-build-windows-amd64-cygwin\jdk8u45\3627\hotspot\src\share\vm\prims\j

Events (10 events):
Event: 5.545 loading class java/util/HashMap$ValueIterator
Event: 5.545 loading class java/util/HashMap$ValueIterator done
Event: 5.545 Thread 0x0000000016363000 Uncommon trap: trap_request=0xffffff65 fr.pc=0x000000000247afec
Event: 5.545 Thread 0x0000000016363000 DEOPT PACKING pc=0x000000000247afec sp=0x0000000016aef020
Event: 5.545 Thread 0x0000000016363000 DEOPT UNPACKING pc=0x000000000220582a sp=0x0000000016aeedf8 mode 2
Event: 5.545 Thread 0x0000000016363000 Uncommon trap: trap_request=0xffffff65 fr.pc=0x000000000250cde0
Event: 5.545 Thread 0x0000000016363000 DEOPT PACKING pc=0x000000000250cde0 sp=0x0000000016aeeff0
Event: 5.545 Thread 0x0000000016363000 DEOPT UNPACKING pc=0x000000000220582a sp=0x0000000016aeef78 mode 2
Event: 5.784 Executing VM operation: EnableBiasedLocking
Event: 5.970 Executing VM operation: EnableBiasedLocking done


Dynamic libraries:
0x00007ff754d40000 - 0x00007ff754d77000 	C:\Program Files\Java\jdk1.8.0_45\bin\java.exe
0x00007ffdeb5a0000 - 0x00007ffdeb761000 	C:\WINDOWS\SYSTEM32\ntdll.dll
0x00007ffdeb020000 - 0x00007ffdeb0cd000 	C:\WINDOWS\system32\KERNEL32.DLL
0x00007ffde8070000 - 0x00007ffde8258000 	C:\WINDOWS\system32\KERNELBASE.dll
0x00007ffdeb260000 - 0x00007ffdeb307000 	C:\WINDOWS\system32\ADVAPI32.dll
0x00007ffdeacb0000 - 0x00007ffdead4d000 	C:\WINDOWS\system32\msvcrt.dll
0x00007ffdeb410000 - 0x00007ffdeb46b000 	C:\WINDOWS\system32\sechost.dll
0x00007ffdea3f0000 - 0x00007ffdea50c000 	C:\WINDOWS\system32\RPCRT4.dll
0x00007ffdeaec0000 - 0x00007ffdeb016000 	C:\WINDOWS\system32\USER32.dll
0x00007ffdeb0d0000 - 0x00007ffdeb256000 	C:\WINDOWS\system32\GDI32.dll
0x00007ffde1760000 - 0x00007ffde19d4000 	C:\WINDOWS\WinSxS\amd64_microsoft.windows.common-controls_6595b64144ccf1df_6.0.10586.0_none_8c15ae12515e1c22\COMCTL32.dll
0x00007ffdea170000 - 0x00007ffdea3ed000 	C:\WINDOWS\system32\combase.dll
0x00007ffde7c50000 - 0x00007ffde7cba000 	C:\WINDOWS\system32\bcryptPrimitives.dll
0x00007ffdeab10000 - 0x00007ffdeab4b000 	C:\WINDOWS\system32\IMM32.DLL
0x0000000053e50000 - 0x0000000053f22000 	C:\Program Files\Java\jdk1.8.0_45\jre\bin\msvcr100.dll
0x00000000527e0000 - 0x0000000053063000 	C:\Program Files\Java\jdk1.8.0_45\jre\bin\server\jvm.dll
0x00007ffdeab00000 - 0x00007ffdeab08000 	C:\WINDOWS\system32\PSAPI.DLL
0x00007ffddef70000 - 0x00007ffddef79000 	C:\WINDOWS\SYSTEM32\WSOCK32.dll
0x00007ffdeb3a0000 - 0x00007ffdeb40b000 	C:\WINDOWS\system32\WS2_32.dll
0x00007ffde60c0000 - 0x00007ffde60e3000 	C:\WINDOWS\SYSTEM32\WINMM.dll
0x00007ffddc6b0000 - 0x00007ffddc6ba000 	C:\WINDOWS\SYSTEM32\VERSION.dll
0x00007ffde6060000 - 0x00007ffde608c000 	C:\WINDOWS\SYSTEM32\WINMMBASE.dll
0x00007ffde7e30000 - 0x00007ffde7e73000 	C:\WINDOWS\system32\cfgmgr32.dll
0x0000000054f00000 - 0x0000000054f0f000 	C:\Program Files\Java\jdk1.8.0_45\jre\bin\verify.dll
0x0000000054d50000 - 0x0000000054d79000 	C:\Program Files\Java\jdk1.8.0_45\jre\bin\java.dll
0x0000000054d30000 - 0x0000000054d46000 	C:\Program Files\Java\jdk1.8.0_45\jre\bin\zip.dll
0x00007ffde8c10000 - 0x00007ffdea16c000 	C:\WINDOWS\system32\SHELL32.dll
0x00007ffde8260000 - 0x00007ffde88a4000 	C:\WINDOWS\system32\windows.storage.dll
0x00007ffdeb470000 - 0x00007ffdeb4c2000 	C:\WINDOWS\system32\shlwapi.dll
0x00007ffde7bd0000 - 0x00007ffde7bdf000 	C:\WINDOWS\system32\kernel.appcore.dll
0x00007ffde7d70000 - 0x00007ffde7e25000 	C:\WINDOWS\system32\shcore.dll
0x00007ffde7c00000 - 0x00007ffde7c4b000 	C:\WINDOWS\system32\powrprof.dll
0x00007ffde7be0000 - 0x00007ffde7bf4000 	C:\WINDOWS\system32\profapi.dll

VM Arguments:
jvm_args: -Djava.awt.headless=true -Xmx1024M -Dfile.encoding=windows-1252 -Duser.country=US -Duser.language=en -Duser.variant 
java_command: com.android.dx.command.Main --dex --force-jumbo --num-threads=4 --multi-dex --output E:\AndroidStudioProjects\StockHawk\app\build\intermediates\transforms\dex\debug\folders\1000\5\slice_4 E:\AndroidStudioProjects\StockHawk\app\build\intermediates\transforms\instantRunSlicer\debug\folders\1\5\slice_4
java_class_path (initial): C:\Users\Sahil Shokeen\AppData\Local\Android\sdk\build-tools\23.0.2\lib\dx.jar
Launcher Type: SUN_STANDARD

Environment Variables:
PATH=C:\ProgramData\Oracle\Java\javapath;C:\WINDOWS\system32;C:\WINDOWS;C:\WINDOWS\System32\Wbem;C:\WINDOWS\System32\WindowsPowerShell\v1.0\;C:\Program Files (x86)\Common Files\lenovo\easyplussdk\bin;C:\Program Files (x86)\Skype\Phone\
USERNAME=Sahil
OS=Windows_NT
PROCESSOR_IDENTIFIER=Intel64 Family 6 Model 69 Stepping 1, GenuineIntel



---------------  S Y S T E M  ---------------

OS: Windows 10.0 , 64 bit Build 10586 (10.0.10586.0)

CPU:total 4 (2 cores per cpu, 2 threads per core) family 6 model 69 stepping 1, cmov, cx8, fxsr, mmx, sse, sse2, sse3, ssse3, sse4.1, sse4.2, popcnt, avx, avx2, aes, clmul, erms, lzcnt, ht, tsc, tscinvbit, bmi1, bmi2

Memory: 4k page, physical 4096140k(212148k free), swap 7168140k(4164k free)

vm_info: Java HotSpot(TM) 64-Bit Server VM (25.45-b02) for windows-amd64 JRE (1.8.0_45-b15), built on Apr 30 2015 12:40:44 by "java_re" with MS VC++ 10.0 (VS2010)

time: Mon Jun 27 12:04:40 2016
elapsed time: 6 seconds (0d 0h 0m 6s)

