#
# There is insufficient memory for the Java Runtime Environment to continue.
# Native memory allocation (malloc) failed to allocate 283376 bytes for Chunk::new
# Possible reasons:
#   The system is out of physical RAM or swap space
#   In 32 bit mode, the process size limit was hit
# Possible solutions:
#   Reduce memory load on the system
#   Increase physical memory or swap space
#   Check if swap backing store is full
#   Use 64 bit Java on a 64 bit OS
#   Decrease Java heap size (-Xmx/-Xms)
#   Decrease number of Java threads
#   Decrease Java thread stack sizes (-Xss)
#   Set larger code cache with -XX:ReservedCodeCacheSize=
# This output file may be truncated or incomplete.
#
#  Out of Memory Error (allocation.cpp:390), pid=13876, tid=13548
#
# JRE version: Java(TM) SE Runtime Environment (8.0_45-b15) (build 1.8.0_45-b15)
# Java VM: Java HotSpot(TM) 64-Bit Server VM (25.45-b02 mixed mode windows-amd64 compressed oops)
# Failed to write core dump. Minidumps are not enabled by default on client versions of Windows
#

---------------  T H R E A D  ---------------

Current thread (0x0000000014a40000):  JavaThread "C2 CompilerThread1" daemon [_thread_in_native, id=13548, stack(0x0000000016090000,0x0000000016190000)]

Stack: [0x0000000016090000,0x0000000016190000]
Native frames: (J=compiled Java code, j=interpreted, Vv=VM code, C=native code)
V  [jvm.dll+0x32b57a]
V  [jvm.dll+0x279873]
V  [jvm.dll+0x27a509]
V  [jvm.dll+0x271825]
V  [jvm.dll+0xcb9e2]
V  [jvm.dll+0xcbeac]
V  [jvm.dll+0x4929e7]
V  [jvm.dll+0x45f5b9]
V  [jvm.dll+0x46a73b]
V  [jvm.dll+0x46cd52]
V  [jvm.dll+0x4500f2]
V  [jvm.dll+0xa4352]
V  [jvm.dll+0xa4c8f]
V  [jvm.dll+0x241984]
V  [jvm.dll+0x29853a]
C  [msvcr100.dll+0x21d9f]
C  [msvcr100.dll+0x21e3b]
C  [KERNEL32.DLL+0x18102]
C  [ntdll.dll+0x5c5b4]


Current CompileTask:
C2:   6654 1017   !   4       com.android.dx.cf.code.BytecodeArray::parseInstruction (2764 bytes)


---------------  P R O C E S S  ---------------

Java Threads: ( => current thread )
  0x00000000021b1000 JavaThread "DestroyJavaVM" [_thread_blocked, id=14596, stack(0x0000000000930000,0x0000000000a30000)]
  0x00000000162b5800 JavaThread "Service Thread" daemon [_thread_blocked, id=13504, stack(0x0000000016690000,0x0000000016790000)]
  0x0000000014a46000 JavaThread "C1 CompilerThread2" daemon [_thread_blocked, id=12788, stack(0x0000000016190000,0x0000000016290000)]
=>0x0000000014a40000 JavaThread "C2 CompilerThread1" daemon [_thread_in_native, id=13548, stack(0x0000000016090000,0x0000000016190000)]
  0x0000000014a3d000 JavaThread "C2 CompilerThread0" daemon [_thread_in_native, id=14216, stack(0x0000000015f90000,0x0000000016090000)]
  0x0000000014a3b000 JavaThread "Attach Listener" daemon [_thread_blocked, id=9896, stack(0x0000000015e90000,0x0000000015f90000)]
  0x0000000014a3a000 JavaThread "Signal Dispatcher" daemon [_thread_blocked, id=13436, stack(0x0000000015d90000,0x0000000015e90000)]
  0x00000000022a7800 JavaThread "Finalizer" daemon [_thread_blocked, id=9228, stack(0x0000000015c90000,0x0000000015d90000)]
  0x000000000229f800 JavaThread "Reference Handler" daemon [_thread_blocked, id=11308, stack(0x0000000015b90000,0x0000000015c90000)]

Other Threads:
  0x0000000014a07000 VMThread [stack: 0x0000000015a90000,0x0000000015b90000] [id=13560]
  0x00000000162bd000 WatcherThread [stack: 0x0000000016790000,0x0000000016890000] [id=11420]

VM state:not at safepoint (normal execution)

VM Mutex/Monitor currently owned by a thread: None

Heap:
 PSYoungGen      total 18944K, used 8197K [0x00000000eab00000, 0x00000000ed000000, 0x0000000100000000)
  eden space 16384K, 34% used [0x00000000eab00000,0x00000000eb087f98,0x00000000ebb00000)
  from space 2560K, 98% used [0x00000000ebb00000,0x00000000ebd79620,0x00000000ebd80000)
  to   space 2560K, 0% used [0x00000000ecd80000,0x00000000ecd80000,0x00000000ed000000)
 ParOldGen       total 44032K, used 1776K [0x00000000c0000000, 0x00000000c2b00000, 0x00000000eab00000)
  object space 44032K, 4% used [0x00000000c0000000,0x00000000c01bc160,0x00000000c2b00000)
 Metaspace       used 6279K, capacity 7064K, committed 7424K, reserved 1056768K
  class space    used 634K, capacity 656K, committed 768K, reserved 1048576K

Card table byte_map: [0x0000000011730000,0x0000000011940000] byte_map_base: 0x0000000011130000

Marking Bits: (ParMarkBitMap*) 0x0000000052fe4040
 Begin Bits: [0x0000000011ea0000, 0x0000000012ea0000)
 End Bits:   [0x0000000012ea0000, 0x0000000013ea0000)

Polling page: 0x0000000000510000

CodeCache: size=245760Kb used=4701Kb max_used=4701Kb free=241058Kb
 bounds [0x0000000002370000, 0x0000000002810000, 0x0000000011370000]
 total_blobs=1492 nmethods=1217 adapters=188
 compilation: enabled

Compilation events (10 events):
Event: 4.809 Thread 0x0000000014a46000 1037       3       com.android.dx.dex.code.RopTranslator$LocalVariableAwareTranslationVisitor::visitPlainCstInsn (11 bytes)
Event: 4.811 Thread 0x0000000014a46000 nmethod 1037 0x000000000278ca90 code [0x000000000278cca0, 0x000000000278d818]
Event: 4.811 Thread 0x0000000014a46000 1038       3       com.android.dx.dex.code.TargetInsn::<init> (29 bytes)
Event: 4.811 Thread 0x0000000014a46000 nmethod 1038 0x000000000278ded0 code [0x000000000278e060, 0x000000000278e378]
Event: 4.812 Thread 0x0000000014a46000 1039       1       com.android.dx.util.Bits::makeBitSet (11 bytes)
Event: 4.812 Thread 0x0000000014a46000 nmethod 1039 0x000000000278e4d0 code [0x000000000278e620, 0x000000000278e790]
Event: 4.823 Thread 0x0000000014a46000 1040       3       com.android.dx.rop.type.Prototype::compareTo (120 bytes)
Event: 4.824 Thread 0x0000000014a46000 nmethod 1040 0x000000000278e810 code [0x000000000278ea20, 0x000000000278f8b8]
Event: 4.824 Thread 0x0000000014a46000 1041       1       java.util.concurrent.atomic.AtomicInteger::get (5 bytes)
Event: 4.824 Thread 0x0000000014a46000 nmethod 1041 0x000000000278ffd0 code [0x0000000002790120, 0x0000000002790230]

GC Heap History (2 events):
Event: 4.212 GC heap before
{Heap before GC invocations=1 (full 0):
 PSYoungGen      total 18944K, used 16384K [0x00000000eab00000, 0x00000000ec000000, 0x0000000100000000)
  eden space 16384K, 100% used [0x00000000eab00000,0x00000000ebb00000,0x00000000ebb00000)
  from space 2560K, 0% used [0x00000000ebd80000,0x00000000ebd80000,0x00000000ec000000)
  to   space 2560K, 0% used [0x00000000ebb00000,0x00000000ebb00000,0x00000000ebd80000)
 ParOldGen       total 44032K, used 0K [0x00000000c0000000, 0x00000000c2b00000, 0x00000000eab00000)
  object space 44032K, 0% used [0x00000000c0000000,0x00000000c0000000,0x00000000c2b00000)
 Metaspace       used 5726K, capacity 6832K, committed 7040K, reserved 1056768K
  class space    used 579K, capacity 616K, committed 640K, reserved 1048576K
Event: 4.691 GC heap after
Heap after GC invocations=1 (full 0):
 PSYoungGen      total 18944K, used 2533K [0x00000000eab00000, 0x00000000ed000000, 0x0000000100000000)
  eden space 16384K, 0% used [0x00000000eab00000,0x00000000eab00000,0x00000000ebb00000)
  from space 2560K, 98% used [0x00000000ebb00000,0x00000000ebd79620,0x00000000ebd80000)
  to   space 2560K, 0% used [0x00000000ecd80000,0x00000000ecd80000,0x00000000ed000000)
 ParOldGen       total 44032K, used 1776K [0x00000000c0000000, 0x00000000c2b00000, 0x00000000eab00000)
  object space 44032K, 4% used [0x00000000c0000000,0x00000000c01bc160,0x00000000c2b00000)
 Metaspace       used 5726K, capacity 6832K, committed 7040K, reserved 1056768K
  class space    used 579K, capacity 616K, committed 640K, reserved 1048576K
}

Deoptimization events (6 events):
Event: 2.634 Thread 0x00000000164d5000 Uncommon trap: reason=class_check action=maybe_recompile pc=0x00000000025359f0 method=com.android.dx.rop.cst.CstMemberRef.compareTo0(Lcom/android/dx/rop/cst/Constant;)I @ 1
Event: 2.634 Thread 0x00000000163eb000 Uncommon trap: reason=class_check action=maybe_recompile pc=0x00000000025359f0 method=com.android.dx.rop.cst.CstMemberRef.compareTo0(Lcom/android/dx/rop/cst/Constant;)I @ 1
Event: 2.634 Thread 0x00000000163eb000 Uncommon trap: reason=class_check action=maybe_recompile pc=0x00000000025359f0 method=com.android.dx.rop.cst.CstMemberRef.compareTo0(Lcom/android/dx/rop/cst/Constant;)I @ 1
Event: 2.653 Thread 0x00000000164d5000 Uncommon trap: reason=unstable_if action=reinterpret pc=0x00000000025adcb4 method=java.util.HashMap.getNode(ILjava/lang/Object;)Ljava/util/HashMap$Node; @ 62
Event: 2.675 Thread 0x00000000164d5000 Uncommon trap: reason=class_check action=maybe_recompile pc=0x00000000025359f0 method=com.android.dx.rop.cst.CstMemberRef.compareTo0(Lcom/android/dx/rop/cst/Constant;)I @ 1
Event: 2.765 Thread 0x00000000164ce800 Uncommon trap: reason=unstable_if action=reinterpret pc=0x00000000025349b4 method=com.android.dx.rop.cst.CstFieldRef.compareTo0(Lcom/android/dx/rop/cst/Constant;)I @ 7

Internal exceptions (2 events):
Event: 0.067 Thread 0x00000000021b1000 Exception <a 'java/lang/NoSuchMethodError': Method sun.misc.Unsafe.defineClass(Ljava/lang/String;[BII)Ljava/lang/Class; name or signature does not match> (0x00000000eab0cf10) thrown at [C:\re\workspace\8-2-build-windows-amd64-cygwin\jdk8u45\3627\hotspot\srµ∆ÎWC±?
Event: 0.067 Thread 0x00000000021b1000 Exception <a 'java/lang/NoSuchMethodError': Method sun.misc.Unsafe.prefetchRead(Ljava/lang/Object;J)V name or signature does not match> (0x00000000eab0d1a0) thrown at [C:\re\workspace\8-2-build-windows-amd64-cygwin\jdk8u45\3627\hotspot\src\share\vm\prims\j

Events (10 events):
Event: 2.675 Thread 0x00000000164d5000 DEOPT UNPACKING pc=0x00000000023b582a sp=0x0000000016c8ee48 mode 2
Event: 2.764 Thread 0x00000000164ce800 Uncommon trap: trap_request=0xffffff65 fr.pc=0x00000000025349b4
Event: 2.765 Thread 0x00000000164ce800 DEOPT PACKING pc=0x00000000025349b4 sp=0x0000000016b8ebb0
Event: 2.765 Thread 0x00000000164ce800 DEOPT UNPACKING pc=0x00000000023b582a sp=0x0000000016b8eb38 mode 2
Event: 3.395 loading class com/android/dx/cf/code/BytecodeArray$ConstantParserVisitor
Event: 3.395 loading class com/android/dx/cf/code/BytecodeArray$ConstantParserVisitor done
Event: 3.771 loading class java/util/ArrayList$1
Event: 3.771 loading class java/util/ArrayList$1 done
Event: 4.029 Executing VM operation: ParallelGCFailedAllocation
Event: 4.691 Executing VM operation: ParallelGCFailedAllocation done


Dynamic libraries:
0x00007ff754d40000 - 0x00007ff754d77000 	C:\Program Files\Java\jdk1.8.0_45\bin\java.exe
0x00007ffdeb5a0000 - 0x00007ffdeb761000 	C:\WINDOWS\SYSTEM32\ntdll.dll
0x00007ffdeb020000 - 0x00007ffdeb0cd000 	C:\WINDOWS\system32\KERNEL32.DLL
0x00007ffde8070000 - 0x00007ffde8258000 	C:\WINDOWS\system32\KERNELBASE.dll
0x00007ffdeb260000 - 0x00007ffdeb307000 	C:\WINDOWS\system32\ADVAPI32.dll
0x00007ffdeacb0000 - 0x00007ffdead4d000 	C:\WINDOWS\system32\msvcrt.dll
0x00007ffdeb410000 - 0x00007ffdeb46b000 	C:\WINDOWS\system32\sechost.dll
0x00007ffdea3f0000 - 0x00007ffdea50c000 	C:\WINDOWS\system32\RPCRT4.dll
0x00007ffdeaec0000 - 0x00007ffdeb016000 	C:\WINDOWS\system32\USER32.dll
0x00007ffdeb0d0000 - 0x00007ffdeb256000 	C:\WINDOWS\system32\GDI32.dll
0x00007ffde1760000 - 0x00007ffde19d4000 	C:\WINDOWS\WinSxS\amd64_microsoft.windows.common-controls_6595b64144ccf1df_6.0.10586.0_none_8c15ae12515e1c22\COMCTL32.dll
0x00007ffdea170000 - 0x00007ffdea3ed000 	C:\WINDOWS\system32\combase.dll
0x00007ffde7c50000 - 0x00007ffde7cba000 	C:\WINDOWS\system32\bcryptPrimitives.dll
0x00007ffdeab10000 - 0x00007ffdeab4b000 	C:\WINDOWS\system32\IMM32.DLL
0x0000000053e50000 - 0x0000000053f22000 	C:\Program Files\Java\jdk1.8.0_45\jre\bin\msvcr100.dll
0x00000000527e0000 - 0x0000000053063000 	C:\Program Files\Java\jdk1.8.0_45\jre\bin\server\jvm.dll
0x00007ffdeab00000 - 0x00007ffdeab08000 	C:\WINDOWS\system32\PSAPI.DLL
0x00007ffddef70000 - 0x00007ffddef79000 	C:\WINDOWS\SYSTEM32\WSOCK32.dll
0x00007ffdeb3a0000 - 0x00007ffdeb40b000 	C:\WINDOWS\system32\WS2_32.dll
0x00007ffde60c0000 - 0x00007ffde60e3000 	C:\WINDOWS\SYSTEM32\WINMM.dll
0x00007ffddc6b0000 - 0x00007ffddc6ba000 	C:\WINDOWS\SYSTEM32\VERSION.dll
0x00007ffde6060000 - 0x00007ffde608c000 	C:\WINDOWS\SYSTEM32\WINMMBASE.dll
0x00007ffde7e30000 - 0x00007ffde7e73000 	C:\WINDOWS\system32\cfgmgr32.dll
0x0000000054f00000 - 0x0000000054f0f000 	C:\Program Files\Java\jdk1.8.0_45\jre\bin\verify.dll
0x0000000054d50000 - 0x0000000054d79000 	C:\Program Files\Java\jdk1.8.0_45\jre\bin\java.dll
0x0000000054d30000 - 0x0000000054d46000 	C:\Program Files\Java\jdk1.8.0_45\jre\bin\zip.dll
0x00007ffde8c10000 - 0x00007ffdea16c000 	C:\WINDOWS\system32\SHELL32.dll
0x00007ffde8260000 - 0x00007ffde88a4000 	C:\WINDOWS\system32\windows.storage.dll
0x00007ffdeb470000 - 0x00007ffdeb4c2000 	C:\WINDOWS\system32\shlwapi.dll
0x00007ffde7bd0000 - 0x00007ffde7bdf000 	C:\WINDOWS\system32\kernel.appcore.dll
0x00007ffde7d70000 - 0x00007ffde7e25000 	C:\WINDOWS\system32\shcore.dll
0x00007ffde7c00000 - 0x00007ffde7c4b000 	C:\WINDOWS\system32\powrprof.dll
0x00007ffde7be0000 - 0x00007ffde7bf4000 	C:\WINDOWS\system32\profapi.dll
0x00007ffdcb620000 - 0x00007ffdcb7ac000 	C:\WINDOWS\SYSTEM32\dbghelp.dll

VM Arguments:
jvm_args: -Djava.awt.headless=true -Xmx1024M -Dfile.encoding=windows-1252 -Duser.country=US -Duser.language=en -Duser.variant 
java_command: com.android.dx.command.Main --dex --force-jumbo --num-threads=4 --multi-dex --output E:\AndroidStudioProjects\StockHawk\app\build\intermediates\transforms\dex\debug\folders\1000\5\slice_2 E:\AndroidStudioProjects\StockHawk\app\build\intermediates\transforms\instantRunSlicer\debug\folders\1\5\slice_2
java_class_path (initial): C:\Users\Sahil Shokeen\AppData\Local\Android\sdk\build-tools\23.0.2\lib\dx.jar
Launcher Type: SUN_STANDARD

Environment Variables:
PATH=C:\ProgramData\Oracle\Java\javapath;C:\WINDOWS\system32;C:\WINDOWS;C:\WINDOWS\System32\Wbem;C:\WINDOWS\System32\WindowsPowerShell\v1.0\;C:\Program Files (x86)\Common Files\lenovo\easyplussdk\bin;C:\Program Files (x86)\Skype\Phone\
USERNAME=Sahil
OS=Windows_NT
PROCESSOR_IDENTIFIER=Intel64 Family 6 Model 69 Stepping 1, GenuineIntel



---------------  S Y S T E M  ---------------

OS: Windows 10.0 , 64 bit Build 10586 (10.0.10586.0)

CPU:total 4 (2 cores per cpu, 2 threads per core) family 6 model 69 stepping 1, cmov, cx8, fxsr, mmx, sse, sse2, sse3, ssse3, sse4.1, sse4.2, popcnt, avx, avx2, aes, clmul, erms, lzcnt, ht, tsc, tscinvbit, bmi1, bmi2

Memory: 4k page, physical 4096140k(218268k free), swap 7168140k(132968k free)

vm_info: Java HotSpot(TM) 64-Bit Server VM (25.45-b02) for windows-amd64 JRE (1.8.0_45-b15), built on Apr 30 2015 12:40:44 by "java_re" with MS VC++ 10.0 (VS2010)

time: Mon Jun 27 13:14:27 2016
elapsed time: 6 seconds (0d 0h 0m 6s)

