#
# There is insufficient memory for the Java Runtime Environment to continue.
# Native memory allocation (malloc) failed to allocate 635984 bytes for Chunk::new
# Possible reasons:
#   The system is out of physical RAM or swap space
#   In 32 bit mode, the process size limit was hit
# Possible solutions:
#   Reduce memory load on the system
#   Increase physical memory or swap space
#   Check if swap backing store is full
#   Use 64 bit Java on a 64 bit OS
#   Decrease Java heap size (-Xmx/-Xms)
#   Decrease number of Java threads
#   Decrease Java thread stack sizes (-Xss)
#   Set larger code cache with -XX:ReservedCodeCacheSize=
# This output file may be truncated or incomplete.
#
#  Out of Memory Error (allocation.cpp:390), pid=13068, tid=6236
#
# JRE version: Java(TM) SE Runtime Environment (8.0_45-b15) (build 1.8.0_45-b15)
# Java VM: Java HotSpot(TM) 64-Bit Server VM (25.45-b02 mixed mode windows-amd64 compressed oops)
# Failed to write core dump. Minidumps are not enabled by default on client versions of Windows
#

---------------  T H R E A D  ---------------

Current thread (0x000000001489c000):  JavaThread "C2 CompilerThread0" daemon [_thread_in_native, id=6236, stack(0x0000000015e10000,0x0000000015f10000)]

Stack: [0x0000000015e10000,0x0000000015f10000]
Native frames: (J=compiled Java code, j=interpreted, Vv=VM code, C=native code)
V  [jvm.dll+0x32b57a]
V  [jvm.dll+0x279873]
V  [jvm.dll+0x27a509]
V  [jvm.dll+0x271825]
V  [jvm.dll+0xcb9e2]
V  [jvm.dll+0xcbeac]
V  [jvm.dll+0x464342]
V  [jvm.dll+0x4db685]
V  [jvm.dll+0x4dc287]
V  [jvm.dll+0x46a551]
V  [jvm.dll+0x46cd52]
V  [jvm.dll+0x4500f2]
V  [jvm.dll+0xa4352]
V  [jvm.dll+0xa4c8f]
V  [jvm.dll+0x241984]
V  [jvm.dll+0x29853a]
C  [msvcr100.dll+0x21d9f]
C  [msvcr100.dll+0x21e3b]
C  [KERNEL32.DLL+0x18102]
C  [ntdll.dll+0x5c5b4]


Current CompileTask:
C2:   5872 1067       4       com.android.dx.ssa.SCCP::simulatePhi (169 bytes)


---------------  P R O C E S S  ---------------

Java Threads: ( => current thread )
  0x0000000016145800 JavaThread "Service Thread" daemon [_thread_blocked, id=4652, stack(0x0000000016510000,0x0000000016610000)]
  0x00000000148d1000 JavaThread "C1 CompilerThread2" daemon [_thread_in_native, id=8608, stack(0x0000000016010000,0x0000000016110000)]
  0x000000001489f800 JavaThread "C2 CompilerThread1" daemon [_thread_in_native, id=12948, stack(0x0000000015f10000,0x0000000016010000)]
=>0x000000001489c000 JavaThread "C2 CompilerThread0" daemon [_thread_in_native, id=6236, stack(0x0000000015e10000,0x0000000015f10000)]
  0x000000001489a000 JavaThread "Attach Listener" daemon [_thread_blocked, id=4808, stack(0x0000000015d10000,0x0000000015e10000)]
  0x0000000014899000 JavaThread "Signal Dispatcher" daemon [_thread_blocked, id=6108, stack(0x0000000015c10000,0x0000000015d10000)]
  0x00000000021c0000 JavaThread "Finalizer" daemon [_thread_blocked, id=10536, stack(0x0000000015b10000,0x0000000015c10000)]
  0x00000000021bd000 JavaThread "Reference Handler" daemon [_thread_blocked, id=12812, stack(0x0000000015a10000,0x0000000015b10000)]
  0x00000000020d1000 JavaThread "main" [_thread_in_native, id=5708, stack(0x0000000001f30000,0x0000000002030000)]

Other Threads:
  0x0000000014867800 VMThread [stack: 0x0000000015910000,0x0000000015a10000] [id=7644]
  0x0000000016147000 WatcherThread [stack: 0x0000000016610000,0x0000000016710000] [id=8240]

VM state:not at safepoint (normal execution)

VM Mutex/Monitor currently owned by a thread: None

Heap:
 PSYoungGen      total 18944K, used 15555K [0x00000000eab00000, 0x00000000ec000000, 0x0000000100000000)
  eden space 16384K, 79% used [0x00000000eab00000,0x00000000eb7b4cf0,0x00000000ebb00000)
  from space 2560K, 99% used [0x00000000ebb00000,0x00000000ebd7c028,0x00000000ebd80000)
  to   space 2560K, 0% used [0x00000000ebd80000,0x00000000ebd80000,0x00000000ec000000)
 ParOldGen       total 44032K, used 7345K [0x00000000c0000000, 0x00000000c2b00000, 0x00000000eab00000)
  object space 44032K, 16% used [0x00000000c0000000,0x00000000c072c460,0x00000000c2b00000)
 Metaspace       used 6302K, capacity 7064K, committed 7424K, reserved 1056768K
  class space    used 642K, capacity 656K, committed 768K, reserved 1048576K

Card table byte_map: [0x0000000011590000,0x00000000117a0000] byte_map_base: 0x0000000010f90000

Marking Bits: (ParMarkBitMap*) 0x0000000052fe4040
 Begin Bits: [0x0000000011d00000, 0x0000000012d00000)
 End Bits:   [0x0000000012d00000, 0x0000000013d00000)

Polling page: 0x00000000001f0000

CodeCache: size=245760Kb used=4511Kb max_used=4511Kb free=241248Kb
 bounds [0x00000000021d0000, 0x0000000002640000, 0x00000000111d0000]
 total_blobs=1446 nmethods=1170 adapters=189
 compilation: enabled

Compilation events (10 events):
Event: 4.482 Thread 0x00000000148d1000 nmethod 1104 0x0000000002604d50 code [0x0000000002604f80, 0x0000000002605b98]
Event: 4.482 Thread 0x00000000148d1000 1097       3       com.android.dx.rop.code.BasicBlockList::getRegCount (34 bytes)
Event: 4.482 Thread 0x00000000148d1000 nmethod 1097 0x00000000026060d0 code [0x0000000002606240, 0x00000000026065e8]
Event: 4.515 Thread 0x000000001489f800 nmethod 1071 0x000000000260a4d0 code [0x000000000260a6e0, 0x000000000260b868]
Event: 4.515 Thread 0x000000001489f800 1100       4       com.android.dx.cf.code.LineNumberList::pcToLine (73 bytes)
Event: 4.522 Thread 0x000000001489f800 nmethod 1100 0x0000000002607050 code [0x00000000026071a0, 0x0000000002607438]
Event: 4.522 Thread 0x000000001489f800 1072       4       com.android.dx.ssa.back.LivenessAnalyzer::liveOutAtBlock (68 bytes)
Event: 4.548 Thread 0x000000001489f800 nmethod 1072 0x0000000002607e90 code [0x0000000002608020, 0x0000000002608878]
Event: 4.548 Thread 0x000000001489f800 1068       4       java.util.Collections$UnmodifiableCollection::iterator (9 bytes)
Event: 4.556 Thread 0x000000001489f800 nmethod 1068 0x0000000002607790 code [0x0000000002607900, 0x0000000002607bb8]

GC Heap History (2 events):
Event: 3.499 GC heap before
{Heap before GC invocations=1 (full 0):
 PSYoungGen      total 18944K, used 16384K [0x00000000eab00000, 0x00000000ec000000, 0x0000000100000000)
  eden space 16384K, 100% used [0x00000000eab00000,0x00000000ebb00000,0x00000000ebb00000)
  from space 2560K, 0% used [0x00000000ebd80000,0x00000000ebd80000,0x00000000ec000000)
  to   space 2560K, 0% used [0x00000000ebb00000,0x00000000ebb00000,0x00000000ebd80000)
 ParOldGen       total 44032K, used 0K [0x00000000c0000000, 0x00000000c2b00000, 0x00000000eab00000)
  object space 44032K, 0% used [0x00000000c0000000,0x00000000c0000000,0x00000000c2b00000)
 Metaspace       used 5684K, capacity 6704K, committed 6784K, reserved 1056768K
  class space    used 585K, capacity 616K, committed 640K, reserved 1048576K
Event: 3.512 GC heap after
Heap after GC invocations=1 (full 0):
 PSYoungGen      total 18944K, used 2538K [0x00000000eab00000, 0x00000000ec000000, 0x0000000100000000)
  eden space 16384K, 0% used [0x00000000eab00000,0x00000000eab00000,0x00000000ebb00000)
  from space 2560K, 99% used [0x00000000ebb00000,0x00000000ebd7aaa8,0x00000000ebd80000)
  to   space 2560K, 0% used [0x00000000ebd80000,0x00000000ebd80000,0x00000000ec000000)
 ParOldGen       total 44032K, used 1652K [0x00000000c0000000, 0x00000000c2b00000, 0x00000000eab00000)
  object space 44032K, 3% used [0x00000000c0000000,0x00000000c019d3a8,0x00000000c2b00000)
 Metaspace       used 5684K, capacity 6704K, committed 6784K, reserved 1056768K
  class space    used 585K, capacity 616K, committed 640K, reserved 1048576K
}

Deoptimization events (6 events):
Event: 3.050 Thread 0x00000000162a7000 Uncommon trap: reason=unstable_if action=reinterpret pc=0x0000000002404470 method=java.util.BitSet.nextSetBit(I)I @ 87
Event: 3.788 Thread 0x00000000162ba800 Uncommon trap: reason=unstable_if action=reinterpret pc=0x00000000024f2844 method=com.android.dx.ssa.SsaRenamer$BlockRenamer.addMapping(ILcom/android/dx/rop/code/RegisterSpec;)V @ 120
Event: 4.400 Thread 0x00000000020d1000 Uncommon trap: reason=class_check action=maybe_recompile pc=0x000000000256e7a0 method=com.android.dx.ssa.SCCP.setLatticeValueTo(IILcom/android/dx/rop/cst/Constant;)Z @ 43
Event: 4.400 Thread 0x00000000020d1000 Uncommon trap: reason=class_check action=maybe_recompile pc=0x000000000256e7a0 method=com.android.dx.ssa.SCCP.setLatticeValueTo(IILcom/android/dx/rop/cst/Constant;)Z @ 43
Event: 4.400 Thread 0x00000000020d1000 Uncommon trap: reason=class_check action=maybe_recompile pc=0x000000000256e7a0 method=com.android.dx.ssa.SCCP.setLatticeValueTo(IILcom/android/dx/rop/cst/Constant;)Z @ 43
Event: 4.401 Thread 0x00000000020d1000 Uncommon trap: reason=class_check action=maybe_recompile pc=0x000000000256e7a0 method=com.android.dx.ssa.SCCP.setLatticeValueTo(IILcom/android/dx/rop/cst/Constant;)Z @ 43

Internal exceptions (2 events):
Event: 0.445 Thread 0x00000000020d1000 Exception <a 'java/lang/NoSuchMethodError': Method sun.misc.Unsafe.defineClass(Ljava/lang/String;[BII)Ljava/lang/Class; name or signature does not match> (0x00000000eab0d170) thrown at [C:\re\workspace\8-2-build-windows-amd64-cygwin\jdk8u45\3627\hotspot\sr‰KÀùRÑ‹?
Event: 0.446 Thread 0x00000000020d1000 Exception <a 'java/lang/NoSuchMethodError': Method sun.misc.Unsafe.prefetchRead(Ljava/lang/Object;J)V name or signature does not match> (0x00000000eab0d400) thrown at [C:\re\workspace\8-2-build-windows-amd64-cygwin\jdk8u45\3627\hotspot\src\share\vm\prims\j

Events (10 events):
Event: 4.400 Thread 0x00000000020d1000 DEOPT UNPACKING pc=0x000000000221582a sp=0x000000000202e6d8 mode 2
Event: 4.400 Thread 0x00000000020d1000 Uncommon trap: trap_request=0xffffffde fr.pc=0x000000000256e7a0
Event: 4.400 Thread 0x00000000020d1000 DEOPT PACKING pc=0x000000000256e7a0 sp=0x000000000202e790
Event: 4.400 Thread 0x00000000020d1000 DEOPT UNPACKING pc=0x000000000221582a sp=0x000000000202e6d8 mode 2
Event: 4.400 Thread 0x00000000020d1000 Uncommon trap: trap_request=0xffffffde fr.pc=0x000000000256e7a0
Event: 4.400 Thread 0x00000000020d1000 DEOPT PACKING pc=0x000000000256e7a0 sp=0x000000000202e790
Event: 4.401 Thread 0x00000000020d1000 DEOPT UNPACKING pc=0x000000000221582a sp=0x000000000202e6d8 mode 2
Event: 4.401 Thread 0x00000000020d1000 Uncommon trap: trap_request=0xffffffde fr.pc=0x000000000256e7a0
Event: 4.401 Thread 0x00000000020d1000 DEOPT PACKING pc=0x000000000256e7a0 sp=0x000000000202e790
Event: 4.401 Thread 0x00000000020d1000 DEOPT UNPACKING pc=0x000000000221582a sp=0x000000000202e6d8 mode 2


Dynamic libraries:
0x00007ff754d40000 - 0x00007ff754d77000 	C:\Program Files\Java\jdk1.8.0_45\bin\java.exe
0x00007ffdeb5a0000 - 0x00007ffdeb761000 	C:\WINDOWS\SYSTEM32\ntdll.dll
0x00007ffdeb020000 - 0x00007ffdeb0cd000 	C:\WINDOWS\system32\KERNEL32.DLL
0x00007ffde8070000 - 0x00007ffde8258000 	C:\WINDOWS\system32\KERNELBASE.dll
0x00007ffdeb260000 - 0x00007ffdeb307000 	C:\WINDOWS\system32\ADVAPI32.dll
0x00007ffdeacb0000 - 0x00007ffdead4d000 	C:\WINDOWS\system32\msvcrt.dll
0x00007ffdeb410000 - 0x00007ffdeb46b000 	C:\WINDOWS\system32\sechost.dll
0x00007ffdea3f0000 - 0x00007ffdea50c000 	C:\WINDOWS\system32\RPCRT4.dll
0x00007ffdeaec0000 - 0x00007ffdeb016000 	C:\WINDOWS\system32\USER32.dll
0x00007ffdeb0d0000 - 0x00007ffdeb256000 	C:\WINDOWS\system32\GDI32.dll
0x00007ffde1760000 - 0x00007ffde19d4000 	C:\WINDOWS\WinSxS\amd64_microsoft.windows.common-controls_6595b64144ccf1df_6.0.10586.0_none_8c15ae12515e1c22\COMCTL32.dll
0x00007ffdea170000 - 0x00007ffdea3ed000 	C:\WINDOWS\system32\combase.dll
0x00007ffde7c50000 - 0x00007ffde7cba000 	C:\WINDOWS\system32\bcryptPrimitives.dll
0x00007ffdeab10000 - 0x00007ffdeab4b000 	C:\WINDOWS\system32\IMM32.DLL
0x0000000053e50000 - 0x0000000053f22000 	C:\Program Files\Java\jdk1.8.0_45\jre\bin\msvcr100.dll
0x00000000527e0000 - 0x0000000053063000 	C:\Program Files\Java\jdk1.8.0_45\jre\bin\server\jvm.dll
0x00007ffdeab00000 - 0x00007ffdeab08000 	C:\WINDOWS\system32\PSAPI.DLL
0x00007ffddef70000 - 0x00007ffddef79000 	C:\WINDOWS\SYSTEM32\WSOCK32.dll
0x00007ffdeb3a0000 - 0x00007ffdeb40b000 	C:\WINDOWS\system32\WS2_32.dll
0x00007ffde60c0000 - 0x00007ffde60e3000 	C:\WINDOWS\SYSTEM32\WINMM.dll
0x00007ffddc6b0000 - 0x00007ffddc6ba000 	C:\WINDOWS\SYSTEM32\VERSION.dll
0x00007ffde6060000 - 0x00007ffde608c000 	C:\WINDOWS\SYSTEM32\WINMMBASE.dll
0x00007ffde7e30000 - 0x00007ffde7e73000 	C:\WINDOWS\system32\cfgmgr32.dll
0x0000000054f00000 - 0x0000000054f0f000 	C:\Program Files\Java\jdk1.8.0_45\jre\bin\verify.dll
0x0000000054d50000 - 0x0000000054d79000 	C:\Program Files\Java\jdk1.8.0_45\jre\bin\java.dll
0x0000000054d30000 - 0x0000000054d46000 	C:\Program Files\Java\jdk1.8.0_45\jre\bin\zip.dll
0x00007ffde8c10000 - 0x00007ffdea16c000 	C:\WINDOWS\system32\SHELL32.dll
0x00007ffde8260000 - 0x00007ffde88a4000 	C:\WINDOWS\system32\windows.storage.dll
0x00007ffdeb470000 - 0x00007ffdeb4c2000 	C:\WINDOWS\system32\shlwapi.dll
0x00007ffde7bd0000 - 0x00007ffde7bdf000 	C:\WINDOWS\system32\kernel.appcore.dll
0x00007ffde7d70000 - 0x00007ffde7e25000 	C:\WINDOWS\system32\shcore.dll
0x00007ffde7c00000 - 0x00007ffde7c4b000 	C:\WINDOWS\system32\powrprof.dll
0x00007ffde7be0000 - 0x00007ffde7bf4000 	C:\WINDOWS\system32\profapi.dll
0x00007ffdcb620000 - 0x00007ffdcb7ac000 	C:\WINDOWS\SYSTEM32\dbghelp.dll

VM Arguments:
jvm_args: -Djava.awt.headless=true -Xmx1024M -Dfile.encoding=windows-1252 -Duser.country=US -Duser.language=en -Duser.variant 
java_command: com.android.dx.command.Main --dex --force-jumbo --num-threads=4 --multi-dex --output E:\AndroidStudioProjects\StockHawk\app\build\intermediates\transforms\dex\debug\folders\1000\10\instant-run_4f2ee690505e6c93f791bab15a5e5d9fff2cdfe7 E:\AndroidStudioProjects\StockHawk\app\build\intermediates\incremental-runtime-classes\debug\instant-run.jar
java_class_path (initial): C:\Users\Sahil Shokeen\AppData\Local\Android\sdk\build-tools\23.0.2\lib\dx.jar
Launcher Type: SUN_STANDARD

Environment Variables:
PATH=C:\ProgramData\Oracle\Java\javapath;C:\WINDOWS\system32;C:\WINDOWS;C:\WINDOWS\System32\Wbem;C:\WINDOWS\System32\WindowsPowerShell\v1.0\;C:\Program Files (x86)\Common Files\lenovo\easyplussdk\bin;C:\Program Files (x86)\Skype\Phone\
USERNAME=Sahil
OS=Windows_NT
PROCESSOR_IDENTIFIER=Intel64 Family 6 Model 69 Stepping 1, GenuineIntel



---------------  S Y S T E M  ---------------

OS: Windows 10.0 , 64 bit Build 10586 (10.0.10586.0)

CPU:total 4 (2 cores per cpu, 2 threads per core) family 6 model 69 stepping 1, cmov, cx8, fxsr, mmx, sse, sse2, sse3, ssse3, sse4.1, sse4.2, popcnt, avx, avx2, aes, clmul, erms, lzcnt, ht, tsc, tscinvbit, bmi1, bmi2

Memory: 4k page, physical 4096140k(166996k free), swap 7168140k(146060k free)

vm_info: Java HotSpot(TM) 64-Bit Server VM (25.45-b02) for windows-amd64 JRE (1.8.0_45-b15), built on Apr 30 2015 12:40:44 by "java_re" with MS VC++ 10.0 (VS2010)

time: Mon Jun 27 12:00:16 2016
elapsed time: 5 seconds (0d 0h 0m 5s)

