#
# There is insufficient memory for the Java Runtime Environment to continue.
# Native memory allocation (malloc) failed to allocate 262160 bytes for Chunk::new
# Possible reasons:
#   The system is out of physical RAM or swap space
#   In 32 bit mode, the process size limit was hit
# Possible solutions:
#   Reduce memory load on the system
#   Increase physical memory or swap space
#   Check if swap backing store is full
#   Use 64 bit Java on a 64 bit OS
#   Decrease Java heap size (-Xmx/-Xms)
#   Decrease number of Java threads
#   Decrease Java thread stack sizes (-Xss)
#   Set larger code cache with -XX:ReservedCodeCacheSize=
# This output file may be truncated or incomplete.
#
#  Out of Memory Error (allocation.cpp:390), pid=2560, tid=10664
#
# JRE version: Java(TM) SE Runtime Environment (8.0_45-b15) (build 1.8.0_45-b15)
# Java VM: Java HotSpot(TM) 64-Bit Server VM (25.45-b02 mixed mode windows-amd64 compressed oops)
# Failed to write core dump. Minidumps are not enabled by default on client versions of Windows
#

---------------  T H R E A D  ---------------

Current thread (0x0000000014a43800):  JavaThread "C2 CompilerThread1" daemon [_thread_in_native, id=10664, stack(0x0000000016090000,0x0000000016190000)]

Stack: [0x0000000016090000,0x0000000016190000]
Native frames: (J=compiled Java code, j=interpreted, Vv=VM code, C=native code)
V  [jvm.dll+0x32b57a]


Current CompileTask:
C2:  13264 1374   !   4       com.android.dx.cf.cst.ConstantPoolParser::parse0 (731 bytes)


---------------  P R O C E S S  ---------------

Java Threads: ( => current thread )
  0x00000000165dc800 JavaThread "pool-2-thread-4" [_thread_blocked, id=9012, stack(0x0000000017490000,0x0000000017590000)]
  0x00000000165da000 JavaThread "pool-2-thread-3" [_thread_blocked, id=4232, stack(0x0000000017390000,0x0000000017490000)]
  0x0000000016510800 JavaThread "pool-2-thread-2" [_thread_blocked, id=7268, stack(0x0000000017290000,0x0000000017390000)]
  0x000000001660c000 JavaThread "pool-3-thread-1" [_thread_blocked, id=14024, stack(0x0000000017190000,0x0000000017290000)]
  0x00000000165aa800 JavaThread "pool-2-thread-1" [_thread_blocked, id=13752, stack(0x0000000017090000,0x0000000017190000)]
  0x00000000162b2800 JavaThread "Service Thread" daemon [_thread_blocked, id=15124, stack(0x0000000016690000,0x0000000016790000)]
  0x0000000014a69800 JavaThread "C1 CompilerThread2" daemon [_thread_in_native, id=6560, stack(0x0000000016190000,0x0000000016290000)]
=>0x0000000014a43800 JavaThread "C2 CompilerThread1" daemon [_thread_in_native, id=10664, stack(0x0000000016090000,0x0000000016190000)]
  0x0000000014a40800 JavaThread "C2 CompilerThread0" daemon [_thread_in_native, id=14632, stack(0x0000000015f90000,0x0000000016090000)]
  0x0000000014a3b000 JavaThread "Attach Listener" daemon [_thread_blocked, id=8068, stack(0x0000000015e90000,0x0000000015f90000)]
  0x0000000014a3a000 JavaThread "Signal Dispatcher" daemon [_thread_blocked, id=2748, stack(0x0000000015d90000,0x0000000015e90000)]
  0x0000000002367000 JavaThread "Finalizer" daemon [_thread_blocked, id=10884, stack(0x0000000015c90000,0x0000000015d90000)]
  0x000000000235e000 JavaThread "Reference Handler" daemon [_thread_blocked, id=9300, stack(0x0000000015b90000,0x0000000015c90000)]
  0x0000000002271000 JavaThread "main" [_thread_blocked, id=1656, stack(0x00000000020a0000,0x00000000021a0000)]

Other Threads:
  0x0000000014a07800 VMThread [stack: 0x0000000015a90000,0x0000000015b90000] [id=13452]
  0x00000000162b6800 WatcherThread [stack: 0x0000000016790000,0x0000000016890000] [id=3332]

VM state:at safepoint (normal execution)

VM Mutex/Monitor currently owned by a thread:  ([mutex/lock_event])
[0x000000000096c320] Threads_lock - owner thread: 0x0000000014a07800
[0x000000000096bba0] Heap_lock - owner thread: 0x00000000165aa800

Heap:
 PSYoungGen      total 35328K, used 35304K [0x00000000eab00000, 0x00000000ed000000, 0x0000000100000000)
  eden space 32768K, 100% used [0x00000000eab00000,0x00000000ecb00000,0x00000000ecb00000)
  from space 2560K, 99% used [0x00000000ecb00000,0x00000000ecd7a3e8,0x00000000ecd80000)
  to   space 2560K, 99% used [0x00000000ecd80000,0x00000000ecff9c80,0x00000000ed000000)
 ParOldGen       total 44032K, used 8823K [0x00000000c0000000, 0x00000000c2b00000, 0x00000000eab00000)
  object space 44032K, 20% used [0x00000000c0000000,0x00000000c089ddf8,0x00000000c2b00000)
 Metaspace       used 6084K, capacity 7024K, committed 7296K, reserved 1056768K
  class space    used 592K, capacity 616K, committed 640K, reserved 1048576K

Card table byte_map: [0x0000000011730000,0x0000000011940000] byte_map_base: 0x0000000011130000

Marking Bits: (ParMarkBitMap*) 0x0000000052fe4040
 Begin Bits: [0x0000000011ea0000, 0x0000000012ea0000)
 End Bits:   [0x0000000012ea0000, 0x0000000013ea0000)

Polling page: 0x0000000000910000

CodeCache: size=245760Kb used=5660Kb max_used=5660Kb free=240099Kb
 bounds [0x0000000002370000, 0x0000000002900000, 0x0000000011370000]
 total_blobs=1688 nmethods=1419 adapters=182
 compilation: enabled

Compilation events (10 events):
Event: 12.773 Thread 0x0000000014a69800 nmethod 1428 0x00000000028eef10 code [0x00000000028ef140, 0x00000000028f0128]
Event: 12.777 Thread 0x0000000014a69800 1429       3       com.android.dx.ssa.SCCP::replaceBranches (142 bytes)
Event: 12.779 Thread 0x0000000014a69800 nmethod 1429 0x00000000028f05d0 code [0x00000000028f0820, 0x00000000028f17e8]
Event: 12.784 Thread 0x0000000014a69800 1430       3       com.android.dx.dex.code.SimpleInsn::<init> (8 bytes)
Event: 12.784 Thread 0x0000000014a69800 nmethod 1430 0x00000000028f1f50 code [0x00000000028f20c0, 0x00000000028f22a8]
Event: 12.786 Thread 0x0000000014a69800 1431       1       com.android.dx.ssa.back.FirstFitLocalCombiningAllocator$Multiset::getSize (5 bytes)
Event: 12.786 Thread 0x0000000014a69800 nmethod 1431 0x00000000028c9ad0 code [0x00000000028c9c20, 0x00000000028c9d30]
Event: 12.786 Thread 0x0000000014a69800 1432       3       com.android.dx.cf.code.ConcreteMethod::getMaxStack (8 bytes)
Event: 12.786 Thread 0x0000000014a69800 nmethod 1432 0x00000000028f2390 code [0x00000000028f24e0, 0x00000000028f26d0]
Event: 12.789 Thread 0x0000000014a69800 1433  s    3       com.android.dx.dex.file.TypeIdsSection::intern (60 bytes)

GC Heap History (4 events):
Event: 10.681 GC heap before
{Heap before GC invocations=1 (full 0):
 PSYoungGen      total 18944K, used 16384K [0x00000000eab00000, 0x00000000ec000000, 0x0000000100000000)
  eden space 16384K, 100% used [0x00000000eab00000,0x00000000ebb00000,0x00000000ebb00000)
  from space 2560K, 0% used [0x00000000ebd80000,0x00000000ebd80000,0x00000000ec000000)
  to   space 2560K, 0% used [0x00000000ebb00000,0x00000000ebb00000,0x00000000ebd80000)
 ParOldGen       total 44032K, used 0K [0x00000000c0000000, 0x00000000c2b00000, 0x00000000eab00000)
  object space 44032K, 0% used [0x00000000c0000000,0x00000000c0000000,0x00000000c2b00000)
 Metaspace       used 5465K, capacity 6512K, committed 6784K, reserved 1056768K
  class space    used 587K, capacity 616K, committed 640K, reserved 1048576K
Event: 10.793 GC heap after
Heap after GC invocations=1 (full 0):
 PSYoungGen      total 18944K, used 2536K [0x00000000eab00000, 0x00000000ed000000, 0x0000000100000000)
  eden space 16384K, 0% used [0x00000000eab00000,0x00000000eab00000,0x00000000ebb00000)
  from space 2560K, 99% used [0x00000000ebb00000,0x00000000ebd7a130,0x00000000ebd80000)
  to   space 2560K, 0% used [0x00000000ecd80000,0x00000000ecd80000,0x00000000ed000000)
 ParOldGen       total 44032K, used 928K [0x00000000c0000000, 0x00000000c2b00000, 0x00000000eab00000)
  object space 44032K, 2% used [0x00000000c0000000,0x00000000c00e8108,0x00000000c2b00000)
 Metaspace       used 5465K, capacity 6512K, committed 6784K, reserved 1056768K
  class space    used 587K, capacity 616K, committed 640K, reserved 1048576K
}
Event: 12.368 GC heap before
{Heap before GC invocations=2 (full 0):
 PSYoungGen      total 18944K, used 18920K [0x00000000eab00000, 0x00000000ed000000, 0x0000000100000000)
  eden space 16384K, 100% used [0x00000000eab00000,0x00000000ebb00000,0x00000000ebb00000)
  from space 2560K, 99% used [0x00000000ebb00000,0x00000000ebd7a130,0x00000000ebd80000)
  to   space 2560K, 0% used [0x00000000ecd80000,0x00000000ecd80000,0x00000000ed000000)
 ParOldGen       total 44032K, used 928K [0x00000000c0000000, 0x00000000c2b00000, 0x00000000eab00000)
  object space 44032K, 2% used [0x00000000c0000000,0x00000000c00e8108,0x00000000c2b00000)
 Metaspace       used 5992K, capacity 6960K, committed 7040K, reserved 1056768K
  class space    used 592K, capacity 616K, committed 640K, reserved 1048576K
Event: 12.443 GC heap after
Heap after GC invocations=2 (full 0):
 PSYoungGen      total 35328K, used 2544K [0x00000000eab00000, 0x00000000ed000000, 0x0000000100000000)
  eden space 32768K, 0% used [0x00000000eab00000,0x00000000eab00000,0x00000000ecb00000)
  from space 2560K, 99% used [0x00000000ecd80000,0x00000000ecffc028,0x00000000ed000000)
  to   space 2560K, 0% used [0x00000000ecb00000,0x00000000ecb00000,0x00000000ecd80000)
 ParOldGen       total 44032K, used 2851K [0x00000000c0000000, 0x00000000c2b00000, 0x00000000eab00000)
  object space 44032K, 6% used [0x00000000c0000000,0x00000000c02c8d98,0x00000000c2b00000)
 Metaspace       used 5992K, capacity 6960K, committed 7040K, reserved 1056768K
  class space    used 592K, capacity 616K, committed 640K, reserved 1048576K
}

Deoptimization events (3 events):
Event: 10.665 Thread 0x0000000016510800 Uncommon trap: reason=unstable_if action=reinterpret pc=0x00000000025a0b40 method=java.util.HashMap.getNode(ILjava/lang/Object;)Ljava/util/HashMap$Node; @ 62
Event: 11.737 Thread 0x00000000165aa800 Uncommon trap: reason=unstable_if action=reinterpret pc=0x000000000263b600 method=com.android.dx.rop.code.RegisterSpec.equals(ILcom/android/dx/rop/type/TypeBearer;Lcom/android/dx/rop/code/LocalItem;)Z @ 42
Event: 11.762 Thread 0x0000000016510800 Uncommon trap: reason=unstable_if action=reinterpret pc=0x00000000026ed3a0 method=com.android.dx.rop.code.RegisterSpecSet.put(Lcom/android/dx/rop/code/RegisterSpec;)V @ 77

Internal exceptions (2 events):
Event: 3.036 Thread 0x0000000002271000 Exception <a 'java/lang/NoSuchMethodError': Method sun.misc.Unsafe.defineClass(Ljava/lang/String;[BII)Ljava/lang/Class; name or signature does not match> (0x00000000eab0d1d0) thrown at [C:\re\workspace\8-2-build-windows-amd64-cygwin\jdk8u45\3627\hotspot\sr§*×+2J@
Event: 3.036 Thread 0x0000000002271000 Exception <a 'java/lang/NoSuchMethodError': Method sun.misc.Unsafe.prefetchRead(Ljava/lang/Object;J)V name or signature does not match> (0x00000000eab0d460) thrown at [C:\re\workspace\8-2-build-windows-amd64-cygwin\jdk8u45\3627\hotspot\src\share\vm\prims\j

Events (10 events):
Event: 11.737 Thread 0x00000000165aa800 Uncommon trap: trap_request=0xffffff65 fr.pc=0x000000000263b600
Event: 11.737 Thread 0x00000000165aa800 DEOPT PACKING pc=0x000000000263b600 sp=0x000000001718e830
Event: 11.737 Thread 0x00000000165aa800 DEOPT UNPACKING pc=0x00000000023b582a sp=0x000000001718e7b8 mode 2
Event: 11.762 Thread 0x0000000016510800 Uncommon trap: trap_request=0xffffff65 fr.pc=0x00000000026ed3a0
Event: 11.762 Thread 0x0000000016510800 DEOPT PACKING pc=0x00000000026ed3a0 sp=0x000000001738e9b0
Event: 11.762 Thread 0x0000000016510800 DEOPT UNPACKING pc=0x00000000023b582a sp=0x000000001738e8d0 mode 2
Event: 11.775 loading class com/android/dx/dex/file/FieldAnnotationStruct
Event: 11.775 loading class com/android/dx/dex/file/FieldAnnotationStruct done
Event: 12.339 Executing VM operation: ParallelGCFailedAllocation
Event: 12.443 Executing VM operation: ParallelGCFailedAllocation done


Dynamic libraries:
0x00007ff754d40000 - 0x00007ff754d77000 	C:\Program Files\Java\jdk1.8.0_45\bin\java.exe
0x00007ffdeb5a0000 - 0x00007ffdeb761000 	C:\WINDOWS\SYSTEM32\ntdll.dll
0x00007ffdeb020000 - 0x00007ffdeb0cd000 	C:\WINDOWS\system32\KERNEL32.DLL
0x00007ffde8070000 - 0x00007ffde8258000 	C:\WINDOWS\system32\KERNELBASE.dll
0x00007ffdeb260000 - 0x00007ffdeb307000 	C:\WINDOWS\system32\ADVAPI32.dll
0x00007ffdeacb0000 - 0x00007ffdead4d000 	C:\WINDOWS\system32\msvcrt.dll
0x00007ffdeb410000 - 0x00007ffdeb46b000 	C:\WINDOWS\system32\sechost.dll
0x00007ffdea3f0000 - 0x00007ffdea50c000 	C:\WINDOWS\system32\RPCRT4.dll
0x00007ffdeaec0000 - 0x00007ffdeb016000 	C:\WINDOWS\system32\USER32.dll
0x00007ffdeb0d0000 - 0x00007ffdeb256000 	C:\WINDOWS\system32\GDI32.dll
0x00007ffde1760000 - 0x00007ffde19d4000 	C:\WINDOWS\WinSxS\amd64_microsoft.windows.common-controls_6595b64144ccf1df_6.0.10586.0_none_8c15ae12515e1c22\COMCTL32.dll
0x00007ffdea170000 - 0x00007ffdea3ed000 	C:\WINDOWS\system32\combase.dll
0x00007ffde7c50000 - 0x00007ffde7cba000 	C:\WINDOWS\system32\bcryptPrimitives.dll
0x00007ffdeab10000 - 0x00007ffdeab4b000 	C:\WINDOWS\system32\IMM32.DLL
0x0000000053e50000 - 0x0000000053f22000 	C:\Program Files\Java\jdk1.8.0_45\jre\bin\msvcr100.dll
0x00000000527e0000 - 0x0000000053063000 	C:\Program Files\Java\jdk1.8.0_45\jre\bin\server\jvm.dll
0x00007ffdeab00000 - 0x00007ffdeab08000 	C:\WINDOWS\system32\PSAPI.DLL
0x00007ffde60c0000 - 0x00007ffde60e3000 	C:\WINDOWS\SYSTEM32\WINMM.dll
0x00007ffddef70000 - 0x00007ffddef79000 	C:\WINDOWS\SYSTEM32\WSOCK32.dll
0x00007ffddc6b0000 - 0x00007ffddc6ba000 	C:\WINDOWS\SYSTEM32\VERSION.dll
0x00007ffdeb3a0000 - 0x00007ffdeb40b000 	C:\WINDOWS\system32\WS2_32.dll
0x00007ffde6060000 - 0x00007ffde608c000 	C:\WINDOWS\SYSTEM32\WINMMBASE.dll
0x00007ffde7e30000 - 0x00007ffde7e73000 	C:\WINDOWS\system32\cfgmgr32.dll
0x0000000054f00000 - 0x0000000054f0f000 	C:\Program Files\Java\jdk1.8.0_45\jre\bin\verify.dll
0x0000000054d50000 - 0x0000000054d79000 	C:\Program Files\Java\jdk1.8.0_45\jre\bin\java.dll
0x0000000054d30000 - 0x0000000054d46000 	C:\Program Files\Java\jdk1.8.0_45\jre\bin\zip.dll
0x00007ffde8c10000 - 0x00007ffdea16c000 	C:\WINDOWS\system32\SHELL32.dll
0x00007ffde8260000 - 0x00007ffde88a4000 	C:\WINDOWS\system32\windows.storage.dll
0x00007ffdeb470000 - 0x00007ffdeb4c2000 	C:\WINDOWS\system32\shlwapi.dll
0x00007ffde7bd0000 - 0x00007ffde7bdf000 	C:\WINDOWS\system32\kernel.appcore.dll
0x00007ffde7d70000 - 0x00007ffde7e25000 	C:\WINDOWS\system32\shcore.dll
0x00007ffde7c00000 - 0x00007ffde7c4b000 	C:\WINDOWS\system32\powrprof.dll
0x00007ffde7be0000 - 0x00007ffde7bf4000 	C:\WINDOWS\system32\profapi.dll
0x00007ffdcb620000 - 0x00007ffdcb7ac000 	C:\WINDOWS\SYSTEM32\dbghelp.dll

VM Arguments:
jvm_args: -Djava.awt.headless=true -Xmx1024M -Dfile.encoding=windows-1252 -Duser.country=US -Duser.language=en -Duser.variant 
java_command: com.android.dx.command.Main --dex --force-jumbo --num-threads=4 --multi-dex --output E:\AndroidStudioProjects\StockHawk\app\build\intermediates\transforms\dex\debug\folders\1000\10\com.android.support-appcompat-v7-23.3.0_e3809ffb3d74cd1a01141ac702150281afb648a2 E:\AndroidStudioProjects\StockHawk\app\build\intermediates\exploded-aar\com.android.support\appcompat-v7\23.3.0\jars\classes.jar
java_class_path (initial): C:\Users\Sahil Shokeen\AppData\Local\Android\sdk\build-tools\23.0.2\lib\dx.jar
Launcher Type: SUN_STANDARD

Environment Variables:
PATH=C:\ProgramData\Oracle\Java\javapath;C:\WINDOWS\system32;C:\WINDOWS;C:\WINDOWS\System32\Wbem;C:\WINDOWS\System32\WindowsPowerShell\v1.0\;C:\Program Files (x86)\Common Files\lenovo\easyplussdk\bin;C:\Program Files (x86)\Skype\Phone\
USERNAME=Sahil
OS=Windows_NT
PROCESSOR_IDENTIFIER=Intel64 Family 6 Model 69 Stepping 1, GenuineIntel



---------------  S Y S T E M  ---------------

OS: Windows 10.0 , 64 bit Build 10586 (10.0.10586.0)

CPU:total 4 (2 cores per cpu, 2 threads per core) family 6 model 69 stepping 1, cmov, cx8, fxsr, mmx, sse, sse2, sse3, ssse3, sse4.1, sse4.2, popcnt, avx, avx2, aes, clmul, erms, lzcnt, ht, tsc, tscinvbit, bmi1, bmi2

Memory: 4k page, physical 4096140k(119256k free), swap 7168140k(113488k free)

vm_info: Java HotSpot(TM) 64-Bit Server VM (25.45-b02) for windows-amd64 JRE (1.8.0_45-b15), built on Apr 30 2015 12:40:44 by "java_re" with MS VC++ 10.0 (VS2010)

time: Mon Jun 27 16:05:52 2016
elapsed time: 13 seconds (0d 0h 0m 13s)

