#
# There is insufficient memory for the Java Runtime Environment to continue.
# Native memory allocation (malloc) failed to allocate 496336 bytes for Chunk::new
# Possible reasons:
#   The system is out of physical RAM or swap space
#   In 32 bit mode, the process size limit was hit
# Possible solutions:
#   Reduce memory load on the system
#   Increase physical memory or swap space
#   Check if swap backing store is full
#   Use 64 bit Java on a 64 bit OS
#   Decrease Java heap size (-Xmx/-Xms)
#   Decrease number of Java threads
#   Decrease Java thread stack sizes (-Xss)
#   Set larger code cache with -XX:ReservedCodeCacheSize=
# This output file may be truncated or incomplete.
#
#  Out of Memory Error (allocation.cpp:390), pid=12996, tid=2000
#
# JRE version: Java(TM) SE Runtime Environment (8.0_45-b15) (build 1.8.0_45-b15)
# Java VM: Java HotSpot(TM) 64-Bit Server VM (25.45-b02 mixed mode windows-amd64 compressed oops)
# Failed to write core dump. Minidumps are not enabled by default on client versions of Windows
#

---------------  T H R E A D  ---------------

Current thread (0x00000000149f5000):  JavaThread "C2 CompilerThread1" daemon [_thread_in_native, id=2000, stack(0x0000000015ff0000,0x00000000160f0000)]

Stack: [0x0000000015ff0000,0x00000000160f0000]
Native frames: (J=compiled Java code, j=interpreted, Vv=VM code, C=native code)
V  [jvm.dll+0x32b57a]


Current CompileTask:
C2:   7097 1099       4       com.android.dx.ssa.SCCP::simulateStmt (481 bytes)


---------------  P R O C E S S  ---------------

Java Threads: ( => current thread )
  0x000000001646e000 JavaThread "pool-2-thread-4" [_thread_in_vm, id=14540, stack(0x0000000016bf0000,0x0000000016cf0000)]
  0x0000000016467800 JavaThread "pool-2-thread-3" [_thread_in_Java, id=6684, stack(0x0000000016af0000,0x0000000016bf0000)]
  0x0000000016464000 JavaThread "pool-2-thread-2" [_thread_in_Java, id=13016, stack(0x00000000169f0000,0x0000000016af0000)]
  0x0000000016332000 JavaThread "pool-3-thread-1" [_thread_blocked, id=7444, stack(0x00000000168f0000,0x00000000169f0000)]
  0x000000001632f000 JavaThread "pool-2-thread-1" [_thread_in_Java, id=13972, stack(0x00000000167f0000,0x00000000168f0000)]
  0x00000000161f4800 JavaThread "Service Thread" daemon [_thread_blocked, id=7280, stack(0x00000000165f0000,0x00000000166f0000)]
  0x00000000149fb800 JavaThread "C1 CompilerThread2" daemon [_thread_blocked, id=15196, stack(0x00000000160f0000,0x00000000161f0000)]
=>0x00000000149f5000 JavaThread "C2 CompilerThread1" daemon [_thread_in_native, id=2000, stack(0x0000000015ff0000,0x00000000160f0000)]
  0x000000001499c000 JavaThread "C2 CompilerThread0" daemon [_thread_in_native, id=8152, stack(0x0000000015ef0000,0x0000000015ff0000)]
  0x000000001499a000 JavaThread "Attach Listener" daemon [_thread_blocked, id=12960, stack(0x0000000015df0000,0x0000000015ef0000)]
  0x0000000014998800 JavaThread "Signal Dispatcher" daemon [_thread_blocked, id=11940, stack(0x0000000015cf0000,0x0000000015df0000)]
  0x00000000022c0000 JavaThread "Finalizer" daemon [_thread_blocked, id=3760, stack(0x0000000015bf0000,0x0000000015cf0000)]
  0x00000000022bd000 JavaThread "Reference Handler" daemon [_thread_blocked, id=8044, stack(0x0000000015af0000,0x0000000015bf0000)]
  0x00000000021d1000 JavaThread "main" [_thread_in_native, id=14664, stack(0x0000000001fd0000,0x00000000020d0000)]

Other Threads:
  0x0000000014967800 VMThread [stack: 0x00000000159f0000,0x0000000015af0000] [id=7752]
  0x00000000161f5000 WatcherThread [stack: 0x00000000166f0000,0x00000000167f0000] [id=13720]

VM state:not at safepoint (normal execution)

VM Mutex/Monitor currently owned by a thread: None

Heap:
 PSYoungGen      total 18944K, used 18768K [0x00000000eab00000, 0x00000000ed000000, 0x0000000100000000)
  eden space 16384K, 99% used [0x00000000eab00000,0x00000000ebad7e00,0x00000000ebb00000)
  from space 2560K, 99% used [0x00000000ebb00000,0x00000000ebd7c5d8,0x00000000ebd80000)
  to   space 2560K, 0% used [0x00000000ecd80000,0x00000000ecd80000,0x00000000ed000000)
 ParOldGen       total 44032K, used 1720K [0x00000000c0000000, 0x00000000c2b00000, 0x00000000eab00000)
  object space 44032K, 3% used [0x00000000c0000000,0x00000000c01ae398,0x00000000c2b00000)
 Metaspace       used 5813K, capacity 6832K, committed 7040K, reserved 1056768K
  class space    used 586K, capacity 616K, committed 640K, reserved 1048576K

Card table byte_map: [0x0000000011690000,0x00000000118a0000] byte_map_base: 0x0000000011090000

Marking Bits: (ParMarkBitMap*) 0x0000000052fe4040
 Begin Bits: [0x0000000011e00000, 0x0000000012e00000)
 End Bits:   [0x0000000012e00000, 0x0000000013e00000)

Polling page: 0x0000000000520000

CodeCache: size=245760Kb used=4667Kb max_used=4667Kb free=241092Kb
 bounds [0x00000000022d0000, 0x0000000002770000, 0x00000000112d0000]
 total_blobs=1442 nmethods=1173 adapters=182
 compilation: enabled

Compilation events (10 events):
Event: 6.755 Thread 0x00000000149fb800 nmethod 1094 0x000000000271f990 code [0x000000000271fbe0, 0x0000000002720968]
Event: 6.755 Thread 0x00000000149f5000 1095       4       com.android.dx.cf.code.LineNumberList::pcToLine (73 bytes)
Event: 6.761 Thread 0x00000000149f5000 nmethod 1095 0x000000000271df50 code [0x000000000271e0a0, 0x000000000271e2f8]
Event: 6.763 Thread 0x00000000149fb800 1096       1       com.android.dx.rop.cst.CstKnownNull::getType (4 bytes)
Event: 6.763 Thread 0x00000000149fb800 nmethod 1096 0x0000000002710850 code [0x00000000027109a0, 0x0000000002710ab0]
Event: 6.765 Thread 0x00000000149fb800 1097       3       com.android.dx.rop.code.RegisterSpecSet::intersect (117 bytes)
Event: 6.766 Thread 0x00000000149fb800 nmethod 1097 0x000000000271e750 code [0x000000000271e940, 0x000000000271f338]
Event: 6.767 Thread 0x00000000149f5000 1098       4       com.android.dx.ssa.Dominators::eval (29 bytes)
Event: 6.809 Thread 0x00000000149f5000 nmethod 1098 0x0000000002724a90 code [0x0000000002724c40, 0x00000000027256b8]
Event: 6.835 Thread 0x00000000149f5000 1099       4       com.android.dx.ssa.SCCP::simulateStmt (481 bytes)

GC Heap History (2 events):
Event: 5.672 GC heap before
{Heap before GC invocations=1 (full 0):
 PSYoungGen      total 18944K, used 16384K [0x00000000eab00000, 0x00000000ec000000, 0x0000000100000000)
  eden space 16384K, 100% used [0x00000000eab00000,0x00000000ebb00000,0x00000000ebb00000)
  from space 2560K, 0% used [0x00000000ebd80000,0x00000000ebd80000,0x00000000ec000000)
  to   space 2560K, 0% used [0x00000000ebb00000,0x00000000ebb00000,0x00000000ebd80000)
 ParOldGen       total 44032K, used 0K [0x00000000c0000000, 0x00000000c2b00000, 0x00000000eab00000)
  object space 44032K, 0% used [0x00000000c0000000,0x00000000c0000000,0x00000000c2b00000)
 Metaspace       used 5730K, capacity 6768K, committed 7040K, reserved 1056768K
  class space    used 585K, capacity 616K, committed 640K, reserved 1048576K
Event: 6.389 GC heap after
Heap after GC invocations=1 (full 0):
 PSYoungGen      total 18944K, used 2545K [0x00000000eab00000, 0x00000000ed000000, 0x0000000100000000)
  eden space 16384K, 0% used [0x00000000eab00000,0x00000000eab00000,0x00000000ebb00000)
  from space 2560K, 99% used [0x00000000ebb00000,0x00000000ebd7c5d8,0x00000000ebd80000)
  to   space 2560K, 0% used [0x00000000ecd80000,0x00000000ecd80000,0x00000000ed000000)
 ParOldGen       total 44032K, used 1720K [0x00000000c0000000, 0x00000000c2b00000, 0x00000000eab00000)
  object space 44032K, 3% used [0x00000000c0000000,0x00000000c01ae398,0x00000000c2b00000)
 Metaspace       used 5730K, capacity 6768K, committed 7040K, reserved 1056768K
  class space    used 585K, capacity 616K, committed 640K, reserved 1048576K
}

Deoptimization events (10 events):
Event: 3.205 Thread 0x00000000021d1000 Uncommon trap: reason=unstable_if action=reinterpret pc=0x00000000024fcaf4 method=java.util.HashMap.getNode(ILjava/lang/Object;)Ljava/util/HashMap$Node; @ 62
Event: 4.444 Thread 0x0000000016464000 Uncommon trap: reason=unstable_if action=reinterpret pc=0x0000000002542e08 method=com.android.dx.rop.code.RegisterSpec.equals(ILcom/android/dx/rop/type/TypeBearer;Lcom/android/dx/rop/code/LocalItem;)Z @ 24
Event: 4.501 Thread 0x00000000021d1000 Uncommon trap: reason=unstable_if action=reinterpret pc=0x000000000251d534 method=java.util.BitSet.ensureCapacity(I)V @ 6
Event: 4.564 Thread 0x0000000016464000 Uncommon trap: reason=unstable_if action=reinterpret pc=0x00000000025b39e8 method=com.android.dx.rop.code.RegisterSpec.equals(ILcom/android/dx/rop/type/TypeBearer;Lcom/android/dx/rop/code/LocalItem;)Z @ 16
Event: 4.731 Thread 0x000000001646e000 Uncommon trap: reason=null_check action=make_not_entrant pc=0x000000000256d540 method=com.android.dx.ssa.SsaRenamer.getLocalForNewReg(I)Lcom/android/dx/rop/code/LocalItem; @ 19
Event: 5.618 Thread 0x0000000016467800 Uncommon trap: reason=class_check action=maybe_recompile pc=0x00000000026108b0 method=com.android.dx.rop.type.Type.equals(Ljava/lang/Object;)Z @ 8
Event: 5.630 Thread 0x0000000016467800 Uncommon trap: reason=class_check action=maybe_recompile pc=0x00000000026108b0 method=com.android.dx.rop.type.Type.equals(Ljava/lang/Object;)Z @ 8
Event: 6.587 Thread 0x00000000021d1000 Uncommon trap: reason=class_check action=maybe_recompile pc=0x00000000026108b0 method=com.android.dx.rop.type.Type.equals(Ljava/lang/Object;)Z @ 8
Event: 6.587 Thread 0x00000000021d1000 Uncommon trap: reason=class_check action=maybe_recompile pc=0x00000000026108b0 method=com.android.dx.rop.type.Type.equals(Ljava/lang/Object;)Z @ 8
Event: 6.626 Thread 0x0000000016467800 Uncommon trap: reason=unstable_if action=reinterpret pc=0x0000000002666a00 method=com.android.dx.rop.code.RegisterSpecSet.put(Lcom/android/dx/rop/code/RegisterSpec;)V @ 77

Internal exceptions (3 events):
Event: 0.373 Thread 0x00000000021d1000 Exception <a 'java/lang/NoSuchMethodError': Method sun.misc.Unsafe.defineClass(Ljava/lang/String;[BII)Ljava/lang/Class; name or signature does not match> (0x00000000eab0d118) thrown at [C:\re\workspace\8-2-build-windows-amd64-cygwin\jdk8u45\3627\hotspot\srR¨›{âæ×?
Event: 0.373 Thread 0x00000000021d1000 Exception <a 'java/lang/NoSuchMethodError': Method sun.misc.Unsafe.prefetchRead(Ljava/lang/Object;J)V name or signature does not match> (0x00000000eab0d3a8) thrown at [C:\re\workspace\8-2-build-windows-amd64-cygwin\jdk8u45\3627\hotspot\src\share\vm\prims\jæÿë@
Event: 4.730 Thread 0x000000001646e000 Implicit null exception at 0x000000000256ad91 to 0x000000000256d521

Events (10 events):
Event: 6.502 loading class com/android/dx/cf/code/BytecodeArray$ConstantParserVisitor done
Event: 6.587 Thread 0x00000000021d1000 Uncommon trap: trap_request=0xffffffde fr.pc=0x00000000026108b0
Event: 6.587 Thread 0x00000000021d1000 DEOPT PACKING pc=0x00000000026108b0 sp=0x00000000020cd920
Event: 6.587 Thread 0x00000000021d1000 DEOPT UNPACKING pc=0x000000000231582a sp=0x00000000020cd8c8 mode 2
Event: 6.587 Thread 0x00000000021d1000 Uncommon trap: trap_request=0xffffffde fr.pc=0x00000000026108b0
Event: 6.587 Thread 0x00000000021d1000 DEOPT PACKING pc=0x00000000026108b0 sp=0x00000000020cd920
Event: 6.587 Thread 0x00000000021d1000 DEOPT UNPACKING pc=0x000000000231582a sp=0x00000000020cd8c8 mode 2
Event: 6.626 Thread 0x0000000016467800 Uncommon trap: trap_request=0xffffff65 fr.pc=0x0000000002666a00
Event: 6.626 Thread 0x0000000016467800 DEOPT PACKING pc=0x0000000002666a00 sp=0x0000000016bee920
Event: 6.626 Thread 0x0000000016467800 DEOPT UNPACKING pc=0x000000000231582a sp=0x0000000016bee840 mode 2


Dynamic libraries:
0x00007ff754d40000 - 0x00007ff754d77000 	C:\Program Files\Java\jdk1.8.0_45\bin\java.exe
0x00007ffdeb5a0000 - 0x00007ffdeb761000 	C:\WINDOWS\SYSTEM32\ntdll.dll
0x00007ffdeb020000 - 0x00007ffdeb0cd000 	C:\WINDOWS\system32\KERNEL32.DLL
0x00007ffde8070000 - 0x00007ffde8258000 	C:\WINDOWS\system32\KERNELBASE.dll
0x00007ffdeb260000 - 0x00007ffdeb307000 	C:\WINDOWS\system32\ADVAPI32.dll
0x00007ffdeacb0000 - 0x00007ffdead4d000 	C:\WINDOWS\system32\msvcrt.dll
0x00007ffdeb410000 - 0x00007ffdeb46b000 	C:\WINDOWS\system32\sechost.dll
0x00007ffdea3f0000 - 0x00007ffdea50c000 	C:\WINDOWS\system32\RPCRT4.dll
0x00007ffdeaec0000 - 0x00007ffdeb016000 	C:\WINDOWS\system32\USER32.dll
0x00007ffdeb0d0000 - 0x00007ffdeb256000 	C:\WINDOWS\system32\GDI32.dll
0x00007ffde1760000 - 0x00007ffde19d4000 	C:\WINDOWS\WinSxS\amd64_microsoft.windows.common-controls_6595b64144ccf1df_6.0.10586.0_none_8c15ae12515e1c22\COMCTL32.dll
0x00007ffdea170000 - 0x00007ffdea3ed000 	C:\WINDOWS\system32\combase.dll
0x00007ffde7c50000 - 0x00007ffde7cba000 	C:\WINDOWS\system32\bcryptPrimitives.dll
0x00007ffdeab10000 - 0x00007ffdeab4b000 	C:\WINDOWS\system32\IMM32.DLL
0x0000000053e50000 - 0x0000000053f22000 	C:\Program Files\Java\jdk1.8.0_45\jre\bin\msvcr100.dll
0x00000000527e0000 - 0x0000000053063000 	C:\Program Files\Java\jdk1.8.0_45\jre\bin\server\jvm.dll
0x00007ffdeab00000 - 0x00007ffdeab08000 	C:\WINDOWS\system32\PSAPI.DLL
0x00007ffddef70000 - 0x00007ffddef79000 	C:\WINDOWS\SYSTEM32\WSOCK32.dll
0x00007ffdeb3a0000 - 0x00007ffdeb40b000 	C:\WINDOWS\system32\WS2_32.dll
0x00007ffde60c0000 - 0x00007ffde60e3000 	C:\WINDOWS\SYSTEM32\WINMM.dll
0x00007ffddc6b0000 - 0x00007ffddc6ba000 	C:\WINDOWS\SYSTEM32\VERSION.dll
0x00007ffde6060000 - 0x00007ffde608c000 	C:\WINDOWS\SYSTEM32\WINMMBASE.dll
0x00007ffde7e30000 - 0x00007ffde7e73000 	C:\WINDOWS\system32\cfgmgr32.dll
0x0000000054f00000 - 0x0000000054f0f000 	C:\Program Files\Java\jdk1.8.0_45\jre\bin\verify.dll
0x0000000054d50000 - 0x0000000054d79000 	C:\Program Files\Java\jdk1.8.0_45\jre\bin\java.dll
0x0000000054d30000 - 0x0000000054d46000 	C:\Program Files\Java\jdk1.8.0_45\jre\bin\zip.dll
0x00007ffde8c10000 - 0x00007ffdea16c000 	C:\WINDOWS\system32\SHELL32.dll
0x00007ffde8260000 - 0x00007ffde88a4000 	C:\WINDOWS\system32\windows.storage.dll
0x00007ffdeb470000 - 0x00007ffdeb4c2000 	C:\WINDOWS\system32\shlwapi.dll
0x00007ffde7bd0000 - 0x00007ffde7bdf000 	C:\WINDOWS\system32\kernel.appcore.dll
0x00007ffde7d70000 - 0x00007ffde7e25000 	C:\WINDOWS\system32\shcore.dll
0x00007ffde7c00000 - 0x00007ffde7c4b000 	C:\WINDOWS\system32\powrprof.dll
0x00007ffde7be0000 - 0x00007ffde7bf4000 	C:\WINDOWS\system32\profapi.dll
0x00007ffdcb620000 - 0x00007ffdcb7ac000 	C:\WINDOWS\SYSTEM32\dbghelp.dll

VM Arguments:
jvm_args: -Djava.awt.headless=true -Xmx1024M -Dfile.encoding=windows-1252 -Duser.country=US -Duser.language=en -Duser.variant 
java_command: com.android.dx.command.Main --dex --force-jumbo --num-threads=4 --multi-dex --output E:\AndroidStudioProjects\StockHawk\app\build\intermediates\transforms\dex\debug\folders\1000\5\slice_4 E:\AndroidStudioProjects\StockHawk\app\build\intermediates\transforms\instantRunSlicer\debug\folders\1\5\slice_4
java_class_path (initial): C:\Users\Sahil Shokeen\AppData\Local\Android\sdk\build-tools\23.0.2\lib\dx.jar
Launcher Type: SUN_STANDARD

Environment Variables:
PATH=C:\ProgramData\Oracle\Java\javapath;C:\WINDOWS\system32;C:\WINDOWS;C:\WINDOWS\System32\Wbem;C:\WINDOWS\System32\WindowsPowerShell\v1.0\;C:\Program Files (x86)\Common Files\lenovo\easyplussdk\bin;C:\Program Files (x86)\Skype\Phone\
USERNAME=Sahil
OS=Windows_NT
PROCESSOR_IDENTIFIER=Intel64 Family 6 Model 69 Stepping 1, GenuineIntel



---------------  S Y S T E M  ---------------

OS: Windows 10.0 , 64 bit Build 10586 (10.0.10586.0)

CPU:total 4 (2 cores per cpu, 2 threads per core) family 6 model 69 stepping 1, cmov, cx8, fxsr, mmx, sse, sse2, sse3, ssse3, sse4.1, sse4.2, popcnt, avx, avx2, aes, clmul, erms, lzcnt, ht, tsc, tscinvbit, bmi1, bmi2

Memory: 4k page, physical 4096140k(150916k free), swap 7168140k(2716k free)

vm_info: Java HotSpot(TM) 64-Bit Server VM (25.45-b02) for windows-amd64 JRE (1.8.0_45-b15), built on Apr 30 2015 12:40:44 by "java_re" with MS VC++ 10.0 (VS2010)

time: Mon Jun 27 16:47:52 2016
elapsed time: 7 seconds (0d 0h 0m 7s)

